[0307/112901.936:ERROR:file_io.cc(89)] ReadExactly: expected 36, observed 0
[0307/112902.419:ERROR:file_io.cc(89)] ReadExactly: expected 36, observed 0
[0307/115010.341:ERROR:file_io.cc(89)] ReadExactly: expected 36, observed 0
[0307/165231.299:ERROR:file_io.cc(89)] ReadExactly: expected 36, observed 0
[0307/190142.709:ERROR:file_io.cc(89)] ReadExactly: expected 36, observed 0
[0308/082230.370:ERROR:file_io.cc(89)] ReadExactly: expected 36, observed 0
[0312/213219.613:ERROR:file_io.cc(89)] ReadExactly: expected 36, observed 0
[0313/090824.534:ERROR:file_io.cc(89)] ReadExactly: expected 36, observed 0
[0313/090825.769:ERROR:file_io.cc(89)] ReadExactly: expected 36, observed 0
[0313/093020.916:ERROR:file_io.cc(89)] ReadExactly: expected 36, observed 0
[0317/204320.760:ERROR:file_io.cc(89)] ReadExactly: expected 36, observed 0
[0318/160629.572:ERROR:file_io.cc(89)] ReadExactly: expected 36, observed 0
[0319/141953.253:ERROR:file_io.cc(89)] ReadExactly: expected 36, observed 0
[0325/135726.548:ERROR:process_info.cc(359)] UncheckedAllocate
[0325/135726.700:ERROR:process_info.cc(359)] UncheckedAllocate
[0325/135726.920:ERROR:process_info.cc(359)] UncheckedAllocate
[0326/112210.677:ERROR:file_io.cc(89)] ReadExactly: expected 36, observed 0
[0327/093516.418:ERROR:process_info.cc(359)] UncheckedAllocate
[0327/093815.862:ERROR:process_reader_win.cc(182)] ResumeThread: The parameter is incorrect. (0x57)
[0327/093815.870:ERROR:process_reader_win.cc(123)] NtOpenThread: An invalid Client ID was specified. (0xc000000b)
[0327/093815.870:ERROR:process_reader_win.cc(123)] NtOpenThread: An invalid Client ID was specified. (0xc000000b)
[0327/093815.870:ERROR:process_reader_win.cc(123)] NtOpenThread: An invalid Client ID was specified. (0xc000000b)
[0327/093815.870:ERROR:process_reader_win.cc(123)] NtOpenThread: An invalid Client ID was specified. (0xc000000b)
[0327/093815.870:ERROR:process_reader_win.cc(123)] NtOpenThread: An invalid Client ID was specified. (0xc000000b)
[0327/093815.870:ERROR:process_reader_win.cc(123)] NtOpenThread: An invalid Client ID was specified. (0xc000000b)
[0327/093815.870:ERROR:process_reader_win.cc(123)] NtOpenThread: An invalid Client ID was specified. (0xc000000b)
[0327/093815.870:ERROR:process_reader_win.cc(123)] NtOpenThread: An invalid Client ID was specified. (0xc000000b)
[0327/093815.870:ERROR:process_reader_win.cc(123)] NtOpenThread: An invalid Client ID was specified. (0xc000000b)
[0327/093815.870:ERROR:exception_snapshot_win.cc(88)] thread ID 38324 not found in process
[0327/093815.874:ERROR:scoped_process_suspend.cc(40)] NtResumeProcess: An attempt was made to access an exiting process. (0xc000010a)
[0327/094122.927:ERROR:process_info.cc(359)] UncheckedAllocate
[0327/094122.931:ERROR:process_info.cc(359)] UncheckedAllocate
[0327/094122.935:ERROR:filesystem_win.cc(148)] DeleteFile C:\Users\QUALIT~1\AppData\Local\Temp\scoped_dir42128_18496\Crashpad\reports\c3bf2a0a-5488-458e-8c1e-2cce9837dc3b.dmp: The process cannot access the file because it is being used by another process. (0x20)
[0327/094452.717:ERROR:process_info.cc(359)] UncheckedAllocate
[0508/153152.133:ERROR:file_io.cc(89)] ReadExactly: expected 36, observed 0
[0626/161742.257:ERROR:process_reader_win.cc(151)] SuspendThread: Access is denied. (0x5)
[0626/161742.258:ERROR:exception_snapshot_win.cc(98)] thread ID 51628 not found in process
[0626/161742.259:ERROR:scoped_process_suspend.cc(40)] NtResumeProcess: An attempt was made to access an exiting process. (0xc000010a)
[0627/121444.937:ERROR:process_reader_win.cc(151)] SuspendThread: Access is denied. (0x5)
[0627/121444.941:ERROR:process_reader_win.cc(151)] SuspendThread: Access is denied. (0x5)
[0627/121444.942:ERROR:process_reader_win.cc(151)] SuspendThread: Access is denied. (0x5)
[0627/121444.942:ERROR:exception_snapshot_win.cc(98)] thread ID 49092 not found in process
[0627/160722.004:ERROR:process_memory_win.cc(73)] ReadMemory at 0x7ff720e60000 of 64 bytes failed: Only part of a ReadProcessMemory or WriteProcessMemory request was completed. (0x12B)
[0627/160722.005:WARNING:pe_image_reader.cc(340)] could not read dos header from C:\Program Files (x86)\Google\Chrome\Application\chrome.exe
[0627/160722.006:ERROR:process_memory_win.cc(73)] ReadMemory at 0x7ff813410000 of 64 bytes failed: Only part of a ReadProcessMemory or WriteProcessMemory request was completed. (0x12B)
[0627/160722.006:WARNING:pe_image_reader.cc(340)] could not read dos header from C:\WINDOWS\SYSTEM32\ntdll.dll
[0627/160722.006:ERROR:process_memory_win.cc(73)] ReadMemory at 0x7ff813320000 of 64 bytes failed: Only part of a ReadProcessMemory or WriteProcessMemory request was completed. (0x12B)
[0627/160722.006:WARNING:pe_image_reader.cc(340)] could not read dos header from C:\WINDOWS\System32\KERNEL32.DLL
[0627/160722.006:ERROR:process_memory_win.cc(73)] ReadMemory at 0x7ff80f4e0000 of 64 bytes failed: Only part of a ReadProcessMemory or WriteProcessMemory request was completed. (0x12B)
[0627/160722.006:WARNING:pe_image_reader.cc(340)] could not read dos header from C:\WINDOWS\System32\KERNELBASE.dll
[0627/160722.006:ERROR:process_memory_win.cc(73)] ReadMemory at 0x7ff811260000 of 64 bytes failed: Only part of a ReadProcessMemory or WriteProcessMemory request was completed. (0x12B)
[0627/160722.006:WARNING:pe_image_reader.cc(340)] could not read dos header from C:\WINDOWS\System32\SHELL32.dll
[0627/160722.006:ERROR:process_memory_win.cc(73)] ReadMemory at 0x7ff810d60000 of 64 bytes failed: Only part of a ReadProcessMemory or WriteProcessMemory request was completed. (0x12B)
[0627/160722.006:WARNING:pe_image_reader.cc(340)] could not read dos header from C:\WINDOWS\System32\msvcrt.dll
[0627/160722.006:ERROR:process_memory_win.cc(73)] ReadMemory at 0x7ff8101b0000 of 64 bytes failed: Only part of a ReadProcessMemory or WriteProcessMemory request was completed. (0x12B)
[0627/160722.006:WARNING:pe_image_reader.cc(340)] could not read dos header from C:\WINDOWS\System32\cfgmgr32.dll
[0627/160722.007:ERROR:process_memory_win.cc(73)] ReadMemory at 0x7ff810200000 of 64 bytes failed: Only part of a ReadProcessMemory or WriteProcessMemory request was completed. (0x12B)
[0627/160722.007:WARNING:pe_image_reader.cc(340)] could not read dos header from C:\WINDOWS\System32\ucrtbase.dll
[0627/160722.007:ERROR:process_memory_win.cc(73)] ReadMemory at 0x7ff812e70000 of 64 bytes failed: Only part of a ReadProcessMemory or WriteProcessMemory request was completed. (0x12B)
[0627/160722.007:WARNING:pe_image_reader.cc(340)] could not read dos header from C:\WINDOWS\System32\shcore.dll
[0627/160722.007:ERROR:process_memory_win.cc(73)] ReadMemory at 0x7ff8107d0000 of 64 bytes failed: Only part of a ReadProcessMemory or WriteProcessMemory request was completed. (0x12B)
[0627/160722.007:WARNING:pe_image_reader.cc(340)] could not read dos header from C:\WINDOWS\System32\RPCRT4.dll
[0627/160722.007:ERROR:process_memory_win.cc(73)] ReadMemory at 0x7ff812f40000 of 64 bytes failed: Only part of a ReadProcessMemory or WriteProcessMemory request was completed. (0x12B)
[0627/160722.007:WARNING:pe_image_reader.cc(340)] could not read dos header from C:\WINDOWS\System32\combase.dll
[0627/160722.007:ERROR:process_memory_win.cc(73)] ReadMemory at 0x7ff80f7a0000 of 64 bytes failed: Only part of a ReadProcessMemory or WriteProcessMemory request was completed. (0x12B)
[0627/160722.007:WARNING:pe_image_reader.cc(340)] could not read dos header from C:\WINDOWS\System32\bcryptPrimitives.dll
[0627/160722.007:ERROR:process_memory_win.cc(73)] ReadMemory at 0x7ff80f9c0000 of 64 bytes failed: Only part of a ReadProcessMemory or WriteProcessMemory request was completed. (0x12B)
[0627/160722.007:WARNING:pe_image_reader.cc(340)] could not read dos header from C:\WINDOWS\System32\windows.storage.dll
[0627/160722.007:ERROR:process_memory_win.cc(73)] ReadMemory at 0x7ff810110000 of 64 bytes failed: Only part of a ReadProcessMemory or WriteProcessMemory request was completed. (0x12B)
[0627/160722.007:WARNING:pe_image_reader.cc(340)] could not read dos header from C:\WINDOWS\System32\msvcp_win.dll
[0627/160722.007:ERROR:process_memory_win.cc(73)] ReadMemory at 0x7ff810f60000 of 64 bytes failed: Only part of a ReadProcessMemory or WriteProcessMemory request was completed. (0x12B)
[0627/160722.008:WARNING:pe_image_reader.cc(340)] could not read dos header from C:\WINDOWS\System32\sechost.dll
[0627/160722.008:ERROR:process_memory_win.cc(73)] ReadMemory at 0x7ff813270000 of 64 bytes failed: Only part of a ReadProcessMemory or WriteProcessMemory request was completed. (0x12B)
[0627/160722.008:WARNING:pe_image_reader.cc(340)] could not read dos header from C:\WINDOWS\System32\advapi32.dll
[0627/160722.008:ERROR:process_memory_win.cc(73)] ReadMemory at 0x7ff80f490000 of 64 bytes failed: Only part of a ReadProcessMemory or WriteProcessMemory request was completed. (0x12B)
[0627/160722.008:WARNING:pe_image_reader.cc(340)] could not read dos header from C:\WINDOWS\System32\profapi.dll
[0627/160722.008:ERROR:process_memory_win.cc(73)] ReadMemory at 0x7ff80f410000 of 64 bytes failed: Only part of a ReadProcessMemory or WriteProcessMemory request was completed. (0x12B)
[0627/160722.008:WARNING:pe_image_reader.cc(340)] could not read dos header from C:\WINDOWS\System32\powrprof.dll
[0627/160722.008:ERROR:process_memory_win.cc(73)] ReadMemory at 0x7ff8110a0000 of 64 bytes failed: Only part of a ReadProcessMemory or WriteProcessMemory request was completed. (0x12B)
[0627/160722.008:WARNING:pe_image_reader.cc(340)] could not read dos header from C:\WINDOWS\System32\shlwapi.dll
[0627/160722.008:ERROR:process_memory_win.cc(73)] ReadMemory at 0x7ff810e00000 of 64 bytes failed: Only part of a ReadProcessMemory or WriteProcessMemory request was completed. (0x12B)
[0627/160722.008:WARNING:pe_image_reader.cc(340)] could not read dos header from C:\WINDOWS\System32\GDI32.dll
[0627/160722.008:ERROR:process_memory_win.cc(73)] ReadMemory at 0x7ff80f820000 of 64 bytes failed: Only part of a ReadProcessMemory or WriteProcessMemory request was completed. (0x12B)
[0627/160722.008:WARNING:pe_image_reader.cc(340)] could not read dos header from C:\WINDOWS\System32\gdi32full.dll
[0627/160722.008:ERROR:process_memory_win.cc(73)] ReadMemory at 0x7ff810a80000 of 64 bytes failed: Only part of a ReadProcessMemory or WriteProcessMemory request was completed. (0x12B)
[0627/160722.009:WARNING:pe_image_reader.cc(340)] could not read dos header from C:\WINDOWS\System32\USER32.dll
[0627/160722.009:ERROR:process_memory_win.cc(73)] ReadMemory at 0x7ff80f780000 of 64 bytes failed: Only part of a ReadProcessMemory or WriteProcessMemory request was completed. (0x12B)
[0627/160722.009:WARNING:pe_image_reader.cc(340)] could not read dos header from C:\WINDOWS\System32\win32u.dll
[0627/160722.009:ERROR:process_memory_win.cc(73)] ReadMemory at 0x7ff80f470000 of 64 bytes failed: Only part of a ReadProcessMemory or WriteProcessMemory request was completed. (0x12B)
[0627/160722.009:WARNING:pe_image_reader.cc(340)] could not read dos header from C:\WINDOWS\System32\kernel.appcore.dll
[0627/160722.009:ERROR:process_memory_win.cc(73)] ReadMemory at 0x7ff810510000 of 64 bytes failed: Only part of a ReadProcessMemory or WriteProcessMemory request was completed. (0x12B)
[0627/160722.009:WARNING:pe_image_reader.cc(340)] could not read dos header from C:\WINDOWS\System32\cryptsp.dll
[0627/160722.009:ERROR:process_memory_win.cc(73)] ReadMemory at 0x7fffcfa50000 of 64 bytes failed: Only part of a ReadProcessMemory or WriteProcessMemory request was completed. (0x12B)
[0627/160722.009:WARNING:pe_image_reader.cc(340)] could not read dos header from C:\Program Files (x86)\Google\Chrome\Application\75.0.3770.80\chrome_elf.dll
[0627/160722.009:ERROR:process_memory_win.cc(73)] ReadMemory at 0x7ffffe240000 of 64 bytes failed: Only part of a ReadProcessMemory or WriteProcessMemory request was completed. (0x12B)
[0627/160722.009:WARNING:pe_image_reader.cc(340)] could not read dos header from C:\WINDOWS\SYSTEM32\VERSION.dll
[0627/160722.009:ERROR:process_memory_win.cc(73)] ReadMemory at 0x7ff804bb0000 of 64 bytes failed: Only part of a ReadProcessMemory or WriteProcessMemory request was completed. (0x12B)
[0627/160722.009:WARNING:pe_image_reader.cc(340)] could not read dos header from C:\WINDOWS\SYSTEM32\WINMM.dll
[0627/160722.009:ERROR:process_memory_win.cc(73)] ReadMemory at 0x7ff80f340000 of 64 bytes failed: Only part of a ReadProcessMemory or WriteProcessMemory request was completed. (0x12B)
[0627/160722.010:WARNING:pe_image_reader.cc(340)] could not read dos header from C:\WINDOWS\SYSTEM32\USERENV.dll
[0627/160722.010:ERROR:process_memory_win.cc(73)] ReadMemory at 0x7ff804b80000 of 64 bytes failed: Only part of a ReadProcessMemory or WriteProcessMemory request was completed. (0x12B)
[0627/160722.010:WARNING:pe_image_reader.cc(340)] could not read dos header from C:\WINDOWS\SYSTEM32\WINMMBASE.dll
[0627/160722.010:ERROR:process_memory_win.cc(73)] ReadMemory at 0x7ff80ee60000 of 64 bytes failed: Only part of a ReadProcessMemory or WriteProcessMemory request was completed. (0x12B)
[0627/160722.010:WARNING:pe_image_reader.cc(340)] could not read dos header from C:\WINDOWS\SYSTEM32\CRYPTBASE.DLL
[0627/160722.010:ERROR:process_memory_win.cc(73)] ReadMemory at 0x7ff811070000 of 64 bytes failed: Only part of a ReadProcessMemory or WriteProcessMemory request was completed. (0x12B)
[0627/160722.010:WARNING:pe_image_reader.cc(340)] could not read dos header from C:\WINDOWS\System32\IMM32.DLL
[0627/160722.010:ERROR:process_memory_win.cc(73)] ReadMemory at 0x7fffc5d20000 of 64 bytes failed: Only part of a ReadProcessMemory or WriteProcessMemory request was completed. (0x12B)
[0627/160722.010:WARNING:pe_image_reader.cc(340)] could not read dos header from C:\Program Files (x86)\Google\Chrome\Application\75.0.3770.80\chrome_child.dll
[0627/160722.010:ERROR:process_memory_win.cc(73)] ReadMemory at 0x7ff811000000 of 64 bytes failed: Only part of a ReadProcessMemory or WriteProcessMemory request was completed. (0x12B)
[0627/160722.010:WARNING:pe_image_reader.cc(340)] could not read dos header from C:\WINDOWS\System32\WS2_32.dll
[0627/160722.010:ERROR:process_memory_win.cc(73)] ReadMemory at 0x7ff811100000 of 64 bytes failed: Only part of a ReadProcessMemory or WriteProcessMemory request was completed. (0x12B)
[0627/160722.010:WARNING:pe_image_reader.cc(340)] could not read dos header from C:\WINDOWS\System32\ole32.dll
[0627/160722.010:ERROR:process_memory_win.cc(73)] ReadMemory at 0x7ff810640000 of 64 bytes failed: Only part of a ReadProcessMemory or WriteProcessMemory request was completed. (0x12B)
[0627/160722.010:WARNING:pe_image_reader.cc(340)] could not read dos header from C:\WINDOWS\System32\OLEAUT32.dll
[0627/160722.011:ERROR:process_memory_win.cc(73)] ReadMemory at 0x7ff810530000 of 64 bytes failed: Only part of a ReadProcessMemory or WriteProcessMemory request was completed. (0x12B)
[0627/160722.011:WARNING:pe_image_reader.cc(340)] could not read dos header from C:\WINDOWS\System32\WINTRUST.dll
[0627/160722.011:ERROR:process_memory_win.cc(73)] ReadMemory at 0x7ff80f4c0000 of 64 bytes failed: Only part of a ReadProcessMemory or WriteProcessMemory request was completed. (0x12B)
[0627/160722.011:WARNING:pe_image_reader.cc(340)] could not read dos header from C:\WINDOWS\System32\MSASN1.dll
[0627/160722.011:ERROR:process_memory_win.cc(73)] ReadMemory at 0x7ff810300000 of 64 bytes failed: Only part of a ReadProcessMemory or WriteProcessMemory request was completed. (0x12B)
[0627/160722.011:WARNING:pe_image_reader.cc(340)] could not read dos header from C:\WINDOWS\System32\CRYPT32.dll
[0627/160722.011:ERROR:process_memory_win.cc(73)] ReadMemory at 0x1ec0fdd0000 of 64 bytes failed: Only part of a ReadProcessMemory or WriteProcessMemory request was completed. (0x12B)
[0627/160722.011:WARNING:pe_image_reader.cc(340)] could not read dos header from C:\WINDOWS\System32\COMDLG32.dll
[0627/160722.011:ERROR:process_memory_win.cc(73)] ReadMemory at 0x7ff80e9f0000 of 64 bytes failed: Only part of a ReadProcessMemory or WriteProcessMemory request was completed. (0x12B)
[0627/160722.011:WARNING:pe_image_reader.cc(340)] could not read dos header from C:\WINDOWS\SYSTEM32\IPHLPAPI.DLL
[0627/160722.011:ERROR:process_memory_win.cc(73)] ReadMemory at 0x7fffeea10000 of 64 bytes failed: Only part of a ReadProcessMemory or WriteProcessMemory request was completed. (0x12B)
[0627/160722.011:WARNING:pe_image_reader.cc(340)] could not read dos header from C:\WINDOWS\SYSTEM32\OLEACC.dll
[0627/160722.011:ERROR:process_memory_win.cc(73)] ReadMemory at 0x7fffeb490000 of 64 bytes failed: Only part of a ReadProcessMemory or WriteProcessMemory request was completed. (0x12B)
[0627/160722.012:WARNING:pe_image_reader.cc(340)] could not read dos header from C:\WINDOWS\SYSTEM32\UIAutomationCore.DLL
[0627/160722.012:ERROR:process_memory_win.cc(73)] ReadMemory at 0x7ff807680000 of 64 bytes failed: Only part of a ReadProcessMemory or WriteProcessMemory request was completed. (0x12B)
[0627/160722.012:WARNING:pe_image_reader.cc(340)] could not read dos header from C:\WINDOWS\SYSTEM32\WTSAPI32.dll
[0627/160722.012:ERROR:process_memory_win.cc(73)] ReadMemory at 0x7ff80d850000 of 64 bytes failed: Only part of a ReadProcessMemory or WriteProcessMemory request was completed. (0x12B)
[0627/160722.012:WARNING:pe_image_reader.cc(340)] could not read dos header from C:\WINDOWS\SYSTEM32\DWrite.dll
[0627/160722.012:ERROR:process_memory_win.cc(73)] ReadMemory at 0x7ff80e190000 of 64 bytes failed: Only part of a ReadProcessMemory or WriteProcessMemory request was completed. (0x12B)
[0627/160722.012:WARNING:pe_image_reader.cc(340)] could not read dos header from C:\WINDOWS\SYSTEM32\dxgi.dll
[0627/160722.012:ERROR:process_memory_win.cc(73)] ReadMemory at 0x7ffffb1b0000 of 64 bytes failed: Only part of a ReadProcessMemory or WriteProcessMemory request was completed. (0x12B)
[0627/160722.012:WARNING:pe_image_reader.cc(340)] could not read dos header from C:\WINDOWS\SYSTEM32\WINSPOOL.DRV
[0627/160722.012:ERROR:process_memory_win.cc(73)] ReadMemory at 0x7ff8104e0000 of 64 bytes failed: Only part of a ReadProcessMemory or WriteProcessMemory request was completed. (0x12B)
[0627/160722.012:WARNING:pe_image_reader.cc(340)] could not read dos header from C:\WINDOWS\System32\bcrypt.dll
[0627/160722.012:ERROR:process_memory_win.cc(73)] ReadMemory at 0x7ff80dc30000 of 64 bytes failed: Only part of a ReadProcessMemory or WriteProcessMemory request was completed. (0x12B)
[0627/160722.012:WARNING:pe_image_reader.cc(340)] could not read dos header from C:\WINDOWS\SYSTEM32\dbghelp.dll
[0627/160722.012:ERROR:process_memory_win.cc(73)] ReadMemory at 0x7ffffc180000 of 64 bytes failed: Only part of a ReadProcessMemory or WriteProcessMemory request was completed. (0x12B)
[0627/160722.012:WARNING:pe_image_reader.cc(340)] could not read dos header from C:\WINDOWS\WinSxS\amd64_microsoft.windows.common-controls_6595b64144ccf1df_6.0.17763.557_none_05b63f68071e5b9f\COMCTL32.dll
[0627/160722.013:ERROR:process_memory_win.cc(73)] ReadMemory at 0x7ffff8290000 of 64 bytes failed: Only part of a ReadProcessMemory or WriteProcessMemory request was completed. (0x12B)
[0627/160722.013:WARNING:pe_image_reader.cc(340)] could not read dos header from C:\WINDOWS\SYSTEM32\USP10.dll
[0627/160722.013:ERROR:process_memory_win.cc(73)] ReadMemory at 0x7ff8059a0000 of 64 bytes failed: Only part of a ReadProcessMemory or WriteProcessMemory request was completed. (0x12B)
[0627/160722.013:WARNING:pe_image_reader.cc(340)] could not read dos header from C:\WINDOWS\SYSTEM32\WINHTTP.dll
[0627/160722.013:ERROR:process_memory_win.cc(73)] ReadMemory at 0x7ff8001d0000 of 64 bytes failed: Only part of a ReadProcessMemory or WriteProcessMemory request was completed. (0x12B)
[0627/160722.013:WARNING:pe_image_reader.cc(340)] could not read dos header from C:\WINDOWS\SYSTEM32\urlmon.dll
[0627/160722.013:ERROR:process_memory_win.cc(73)] ReadMemory at 0x7ffffb870000 of 64 bytes failed: Only part of a ReadProcessMemory or WriteProcessMemory request was completed. (0x12B)
[0627/160722.013:WARNING:pe_image_reader.cc(340)] could not read dos header from C:\WINDOWS\SYSTEM32\Secur32.dll
[0627/160722.013:ERROR:process_memory_win.cc(73)] ReadMemory at 0x7ff8070e0000 of 64 bytes failed: Only part of a ReadProcessMemory or WriteProcessMemory request was completed. (0x12B)
[0627/160722.013:WARNING:pe_image_reader.cc(340)] could not read dos header from C:\WINDOWS\SYSTEM32\dhcpcsvc.DLL
[0627/160722.013:ERROR:process_memory_win.cc(73)] ReadMemory at 0x7ff812960000 of 64 bytes failed: Only part of a ReadProcessMemory or WriteProcessMemory request was completed. (0x12B)
[0627/160722.013:WARNING:pe_image_reader.cc(340)] could not read dos header from C:\WINDOWS\System32\NSI.dll
[0627/160722.014:ERROR:process_memory_win.cc(73)] ReadMemory at 0x7ff800db0000 of 64 bytes failed: Only part of a ReadProcessMemory or WriteProcessMemory request was completed. (0x12B)
[0627/160722.014:WARNING:pe_image_reader.cc(340)] could not read dos header from C:\WINDOWS\SYSTEM32\Bcp47Langs.dll
[0627/160722.014:ERROR:process_memory_win.cc(73)] ReadMemory at 0x7ff80b9e0000 of 64 bytes failed: Only part of a ReadProcessMemory or WriteProcessMemory request was completed. (0x12B)
[0627/160722.014:WARNING:pe_image_reader.cc(340)] could not read dos header from C:\WINDOWS\SYSTEM32\PROPSYS.dll
[0627/160722.014:ERROR:process_memory_win.cc(73)] ReadMemory at 0x7ff8006c0000 of 64 bytes failed: Only part of a ReadProcessMemory or WriteProcessMemory request was completed. (0x12B)
[0627/160722.014:WARNING:pe_image_reader.cc(340)] could not read dos header from C:\WINDOWS\SYSTEM32\iertutil.dll
[0627/160722.014:ERROR:process_memory_win.cc(73)] ReadMemory at 0x7ff80f310000 of 64 bytes failed: Only part of a ReadProcessMemory or WriteProcessMemory request was completed. (0x12B)
[0627/160722.014:WARNING:pe_image_reader.cc(340)] could not read dos header from C:\WINDOWS\SYSTEM32\SSPICLI.DLL
[0627/160722.034:ERROR:process_memory_win.cc(73)] ReadMemory at 0x5aedec000 of 81920 bytes failed: Only part of a ReadProcessMemory or WriteProcessMemory request was completed. (0x12B)
[0627/160722.036:ERROR:process_memory_win.cc(73)] ReadMemory at 0x5aeffd000 of 12288 bytes failed: Only part of a ReadProcessMemory or WriteProcessMemory request was completed. (0x12B)
[0627/160722.036:ERROR:process_memory_win.cc(73)] ReadMemory at 0x5af1f9000 of 28672 bytes failed: Only part of a ReadProcessMemory or WriteProcessMemory request was completed. (0x12B)
[0627/160722.036:ERROR:process_memory_win.cc(73)] ReadMemory at 0x5af3fc000 of 16384 bytes failed: Only part of a ReadProcessMemory or WriteProcessMemory request was completed. (0x12B)
[0627/160722.036:ERROR:process_memory_win.cc(73)] ReadMemory at 0x5af5fc000 of 16384 bytes failed: Only part of a ReadProcessMemory or WriteProcessMemory request was completed. (0x12B)
[0627/160722.037:ERROR:process_memory_win.cc(73)] ReadMemory at 0x5af7ff000 of 4096 bytes failed: Only part of a ReadProcessMemory or WriteProcessMemory request was completed. (0x12B)
[0627/160722.037:ERROR:process_memory_win.cc(73)] ReadMemory at 0x5af9fd000 of 12288 bytes failed: Only part of a ReadProcessMemory or WriteProcessMemory request was completed. (0x12B)
[0627/160722.037:ERROR:process_memory_win.cc(73)] ReadMemory at 0x5afbfb000 of 20480 bytes failed: Only part of a ReadProcessMemory or WriteProcessMemory request was completed. (0x12B)
[0627/160722.037:ERROR:process_memory_win.cc(73)] ReadMemory at 0x5afdfd000 of 12288 bytes failed: Only part of a ReadProcessMemory or WriteProcessMemory request was completed. (0x12B)
[0627/160722.037:ERROR:process_memory_win.cc(73)] ReadMemory at 0x5afffd000 of 12288 bytes failed: Only part of a ReadProcessMemory or WriteProcessMemory request was completed. (0x12B)
[0627/160722.038:ERROR:process_memory_win.cc(73)] ReadMemory at 0x5b01fd000 of 12288 bytes failed: Only part of a ReadProcessMemory or WriteProcessMemory request was completed. (0x12B)
[0627/160722.038:ERROR:process_memory_win.cc(73)] ReadMemory at 0x5b03fa000 of 24576 bytes failed: Only part of a ReadProcessMemory or WriteProcessMemory request was completed. (0x12B)
[0627/160722.038:ERROR:process_memory_win.cc(73)] ReadMemory at 0x5b05fd000 of 12288 bytes failed: Only part of a ReadProcessMemory or WriteProcessMemory request was completed. (0x12B)
[0627/160722.038:ERROR:process_memory_win.cc(73)] ReadMemory at 0x5b07fd000 of 12288 bytes failed: Only part of a ReadProcessMemory or WriteProcessMemory request was completed. (0x12B)
[0627/160722.038:ERROR:process_memory_win.cc(73)] ReadMemory at 0x5b09fc000 of 16384 bytes failed: Only part of a ReadProcessMemory or WriteProcessMemory request was completed. (0x12B)
[0627/160722.039:ERROR:process_memory_win.cc(73)] ReadMemory at 0x5b0bfc000 of 16384 bytes failed: Only part of a ReadProcessMemory or WriteProcessMemory request was completed. (0x12B)
[0627/160722.039:ERROR:process_memory_win.cc(73)] ReadMemory at 0x5b0dfb000 of 20480 bytes failed: Only part of a ReadProcessMemory or WriteProcessMemory request was completed. (0x12B)
[0627/160722.039:ERROR:process_memory_win.cc(73)] ReadMemory at 0x5ae9ad000 of 12288 bytes failed: Only part of a ReadProcessMemory or WriteProcessMemory request was completed. (0x12B)
[0627/160722.039:ERROR:process_memory_win.cc(73)] ReadMemory at 0x5b0efe000 of 8192 bytes failed: Only part of a ReadProcessMemory or WriteProcessMemory request was completed. (0x12B)
[0627/160722.040:ERROR:process_memory_win.cc(73)] ReadMemory at 0x5aeb74000 of 852 bytes failed: Only part of a ReadProcessMemory or WriteProcessMemory request was completed. (0x12B)
[0627/160722.040:ERROR:process_memory_win.cc(73)] ReadMemory at 0x5aeb75000 of 6024 bytes failed: Only part of a ReadProcessMemory or WriteProcessMemory request was completed. (0x12B)
[0627/160722.040:ERROR:process_memory_win.cc(73)] ReadMemory at 0x5aeb77000 of 6024 bytes failed: Only part of a ReadProcessMemory or WriteProcessMemory request was completed. (0x12B)
[0627/160722.040:ERROR:process_memory_win.cc(73)] ReadMemory at 0x5aeb79000 of 6024 bytes failed: Only part of a ReadProcessMemory or WriteProcessMemory request was completed. (0x12B)
[0627/160722.040:ERROR:process_memory_win.cc(73)] ReadMemory at 0x5aeb7b000 of 6024 bytes failed: Only part of a ReadProcessMemory or WriteProcessMemory request was completed. (0x12B)
[0627/160722.040:ERROR:process_memory_win.cc(73)] ReadMemory at 0x5aeb7d000 of 6024 bytes failed: Only part of a ReadProcessMemory or WriteProcessMemory request was completed. (0x12B)
[0627/160722.041:ERROR:process_memory_win.cc(73)] ReadMemory at 0x5aeb7f000 of 6024 bytes failed: Only part of a ReadProcessMemory or WriteProcessMemory request was completed. (0x12B)
[0627/160722.041:ERROR:process_memory_win.cc(73)] ReadMemory at 0x5aeb81000 of 6024 bytes failed: Only part of a ReadProcessMemory or WriteProcessMemory request was completed. (0x12B)
[0627/160722.041:ERROR:process_memory_win.cc(73)] ReadMemory at 0x5aeb83000 of 6024 bytes failed: Only part of a ReadProcessMemory or WriteProcessMemory request was completed. (0x12B)
[0627/160722.041:ERROR:process_memory_win.cc(73)] ReadMemory at 0x5aeb85000 of 6024 bytes failed: Only part of a ReadProcessMemory or WriteProcessMemory request was completed. (0x12B)
[0627/160722.041:ERROR:process_memory_win.cc(73)] ReadMemory at 0x5aeb87000 of 6024 bytes failed: Only part of a ReadProcessMemory or WriteProcessMemory request was completed. (0x12B)
[0627/160722.042:ERROR:process_memory_win.cc(73)] ReadMemory at 0x5aeb89000 of 6024 bytes failed: Only part of a ReadProcessMemory or WriteProcessMemory request was completed. (0x12B)
[0627/160722.042:ERROR:process_memory_win.cc(73)] ReadMemory at 0x5aeb8b000 of 6024 bytes failed: Only part of a ReadProcessMemory or WriteProcessMemory request was completed. (0x12B)
[0627/160722.042:ERROR:process_memory_win.cc(73)] ReadMemory at 0x5aeb8d000 of 6024 bytes failed: Only part of a ReadProcessMemory or WriteProcessMemory request was completed. (0x12B)
[0627/160722.042:ERROR:process_memory_win.cc(73)] ReadMemory at 0x5aeb8f000 of 6024 bytes failed: Only part of a ReadProcessMemory or WriteProcessMemory request was completed. (0x12B)
[0627/160722.042:ERROR:process_memory_win.cc(73)] ReadMemory at 0x5aeb91000 of 6024 bytes failed: Only part of a ReadProcessMemory or WriteProcessMemory request was completed. (0x12B)
[0627/160722.042:ERROR:process_memory_win.cc(73)] ReadMemory at 0x5aeb93000 of 6024 bytes failed: Only part of a ReadProcessMemory or WriteProcessMemory request was completed. (0x12B)
[0627/160722.043:ERROR:process_memory_win.cc(73)] ReadMemory at 0x5aeb95000 of 6024 bytes failed: Only part of a ReadProcessMemory or WriteProcessMemory request was completed. (0x12B)
[0627/160722.043:ERROR:process_memory_win.cc(73)] ReadMemory at 0x5aeb97000 of 6024 bytes failed: Only part of a ReadProcessMemory or WriteProcessMemory request was completed. (0x12B)
[0627/160722.043:ERROR:process_memory_win.cc(73)] ReadMemory at 0x5aeb99000 of 6024 bytes failed: Only part of a ReadProcessMemory or WriteProcessMemory request was completed. (0x12B)
[0627/160722.043:ERROR:process_memory_win.cc(73)] ReadMemory at 0x1ec0f930fe0 of 4984 bytes failed: Only part of a ReadProcessMemory or WriteProcessMemory request was completed. (0x12B)
[0627/160722.043:ERROR:process_memory_win.cc(73)] ReadMemory at 0x1ec0f932360 of 1012 bytes failed: Only part of a ReadProcessMemory or WriteProcessMemory request was completed. (0x12B)
[0627/160722.043:ERROR:process_memory_win.cc(73)] ReadMemory at 0x1ec0f932988 of 118 bytes failed: Only part of a ReadProcessMemory or WriteProcessMemory request was completed. (0x12B)
[0627/160722.044:ERROR:process_memory_win.cc(73)] ReadMemory at 0x1ec0f932a00 of 1342 bytes failed: Only part of a ReadProcessMemory or WriteProcessMemory request was completed. (0x12B)
[0627/160722.044:ERROR:process_memory_win.cc(73)] ReadMemory at 0x1ec0f932f40 of 118 bytes failed: Only part of a ReadProcessMemory or WriteProcessMemory request was completed. (0x12B)
[0627/160722.044:ERROR:process_memory_win.cc(73)] ReadMemory at 0x1ec0f932fb8 of 96 bytes failed: Only part of a ReadProcessMemory or WriteProcessMemory request was completed. (0x12B)
[0627/160722.044:ERROR:process_memory_win.cc(73)] ReadMemory at 0x1ec0f933030 of 58 bytes failed: Only part of a ReadProcessMemory or WriteProcessMemory request was completed. (0x12B)
[0627/160722.044:ERROR:process_memory_win.cc(73)] ReadMemory at 0x1ec0f933130 of 132 bytes failed: Only part of a ReadProcessMemory or WriteProcessMemory request was completed. (0x12B)
[0627/160722.044:ERROR:process_memory_win.cc(73)] ReadMemory at 0x1ec0f9332c0 of 132 bytes failed: Only part of a ReadProcessMemory or WriteProcessMemory request was completed. (0x12B)
[0627/160722.044:ERROR:process_memory_win.cc(73)] ReadMemory at 0x1ec0f933480 of 124 bytes failed: Only part of a ReadProcessMemory or WriteProcessMemory request was completed. (0x12B)
[0627/160722.044:ERROR:process_memory_win.cc(73)] ReadMemory at 0x1ec0f933860 of 132 bytes failed: Only part of a ReadProcessMemory or WriteProcessMemory request was completed. (0x12B)
[0627/160722.044:ERROR:process_memory_win.cc(73)] ReadMemory at 0x1ec0f9339f0 of 64 bytes failed: Only part of a ReadProcessMemory or WriteProcessMemory request was completed. (0x12B)
[0627/160722.045:ERROR:process_memory_win.cc(73)] ReadMemory at 0x1ec0f933e50 of 132 bytes failed: Only part of a ReadProcessMemory or WriteProcessMemory request was completed. (0x12B)
[0627/160722.045:ERROR:process_memory_win.cc(73)] ReadMemory at 0x1ec0f933fe0 of 68 bytes failed: Only part of a ReadProcessMemory or WriteProcessMemory request was completed. (0x12B)
[0627/160722.045:ERROR:process_memory_win.cc(73)] ReadMemory at 0x1ec0f934fe0 of 132 bytes failed: Only part of a ReadProcessMemory or WriteProcessMemory request was completed. (0x12B)
[0627/160722.045:ERROR:process_memory_win.cc(73)] ReadMemory at 0x1ec0f935110 of 132 bytes failed: Only part of a ReadProcessMemory or WriteProcessMemory request was completed. (0x12B)
[0627/160722.045:ERROR:process_memory_win.cc(73)] ReadMemory at 0x1ec0f935240 of 62 bytes failed: Only part of a ReadProcessMemory or WriteProcessMemory request was completed. (0x12B)
[0627/160722.045:ERROR:process_memory_win.cc(73)] ReadMemory at 0x1ec0f935620 of 132 bytes failed: Only part of a ReadProcessMemory or WriteProcessMemory request was completed. (0x12B)
[0627/160722.045:ERROR:process_memory_win.cc(73)] ReadMemory at 0x1ec0f9357b0 of 60 bytes failed: Only part of a ReadProcessMemory or WriteProcessMemory request was completed. (0x12B)
[0627/160722.045:ERROR:process_memory_win.cc(73)] ReadMemory at 0x1ec0f935800 of 156 bytes failed: Only part of a ReadProcessMemory or WriteProcessMemory request was completed. (0x12B)
[0627/160722.046:ERROR:process_memory_win.cc(73)] ReadMemory at 0x1ec0f935a00 of 132 bytes failed: Only part of a ReadProcessMemory or WriteProcessMemory request was completed. (0x12B)
[0627/160722.046:ERROR:process_memory_win.cc(73)] ReadMemory at 0x1ec0f935b90 of 64 bytes failed: Only part of a ReadProcessMemory or WriteProcessMemory request was completed. (0x12B)
[0627/160722.046:ERROR:process_memory_win.cc(73)] ReadMemory at 0x1ec0f935e10 of 132 bytes failed: Only part of a ReadProcessMemory or WriteProcessMemory request was completed. (0x12B)
[0627/160722.046:ERROR:process_memory_win.cc(73)] ReadMemory at 0x1ec0f935fa0 of 64 bytes failed: Only part of a ReadProcessMemory or WriteProcessMemory request was completed. (0x12B)
[0627/160722.046:ERROR:process_memory_win.cc(73)] ReadMemory at 0x1ec0f936200 of 132 bytes failed: Only part of a ReadProcessMemory or WriteProcessMemory request was completed. (0x12B)
[0627/160722.046:ERROR:process_memory_win.cc(73)] ReadMemory at 0x1ec0f936390 of 60 bytes failed: Only part of a ReadProcessMemory or WriteProcessMemory request was completed. (0x12B)
[0627/160722.047:ERROR:process_memory_win.cc(73)] ReadMemory at 0x1ec0f9366a0 of 132 bytes failed: Only part of a ReadProcessMemory or WriteProcessMemory request was completed. (0x12B)
[0627/160722.047:ERROR:process_memory_win.cc(73)] ReadMemory at 0x1ec0f936830 of 60 bytes failed: Only part of a ReadProcessMemory or WriteProcessMemory request was completed. (0x12B)
[0627/160722.047:ERROR:process_memory_win.cc(73)] ReadMemory at 0x1ec0f936a70 of 132 bytes failed: Only part of a ReadProcessMemory or WriteProcessMemory request was completed. (0x12B)
[0627/160722.047:ERROR:process_memory_win.cc(73)] ReadMemory at 0x1ec0f936c00 of 62 bytes failed: Only part of a ReadProcessMemory or WriteProcessMemory request was completed. (0x12B)
[0627/160722.047:ERROR:process_memory_win.cc(73)] ReadMemory at 0x1ec0f936f80 of 132 bytes failed: Only part of a ReadProcessMemory or WriteProcessMemory request was completed. (0x12B)
[0627/160722.047:ERROR:process_memory_win.cc(73)] ReadMemory at 0x1ec0f937110 of 80 bytes failed: Only part of a ReadProcessMemory or WriteProcessMemory request was completed. (0x12B)
[0627/160722.047:ERROR:process_memory_win.cc(73)] ReadMemory at 0x1ec0f939750 of 132 bytes failed: Only part of a ReadProcessMemory or WriteProcessMemory request was completed. (0x12B)
[0627/160722.048:ERROR:process_memory_win.cc(73)] ReadMemory at 0x1ec0f939cf0 of 76 bytes failed: Only part of a ReadProcessMemory or WriteProcessMemory request was completed. (0x12B)
[0627/160722.048:ERROR:process_memory_win.cc(73)] ReadMemory at 0x1ec0f939e70 of 78 bytes failed: Only part of a ReadProcessMemory or WriteProcessMemory request was completed. (0x12B)
[0627/160722.048:ERROR:process_memory_win.cc(73)] ReadMemory at 0x1ec0f93acd0 of 132 bytes failed: Only part of a ReadProcessMemory or WriteProcessMemory request was completed. (0x12B)
[0627/160722.048:ERROR:process_memory_win.cc(73)] ReadMemory at 0x1ec0f93ae00 of 66 bytes failed: Only part of a ReadProcessMemory or WriteProcessMemory request was completed. (0x12B)
[0627/160722.048:ERROR:process_memory_win.cc(73)] ReadMemory at 0x1ec0f93b040 of 132 bytes failed: Only part of a ReadProcessMemory or WriteProcessMemory request was completed. (0x12B)
[0627/160722.049:ERROR:process_memory_win.cc(73)] ReadMemory at 0x1ec0f93b170 of 62 bytes failed: Only part of a ReadProcessMemory or WriteProcessMemory request was completed. (0x12B)
[0627/160722.049:ERROR:process_memory_win.cc(73)] ReadMemory at 0x1ec0f93b3d0 of 132 bytes failed: Only part of a ReadProcessMemory or WriteProcessMemory request was completed. (0x12B)
[0627/160722.049:ERROR:process_memory_win.cc(73)] ReadMemory at 0x1ec0f93b4d0 of 512 bytes failed: Only part of a ReadProcessMemory or WriteProcessMemory request was completed. (0x12B)
[0627/160722.049:ERROR:process_memory_win.cc(73)] ReadMemory at 0x1ec0f93b790 of 132 bytes failed: Only part of a ReadProcessMemory or WriteProcessMemory request was completed. (0x12B)
[0627/160722.049:ERROR:process_memory_win.cc(73)] ReadMemory at 0x1ec0f93b8c0 of 132 bytes failed: Only part of a ReadProcessMemory or WriteProcessMemory request was completed. (0x12B)
[0627/160722.050:ERROR:process_memory_win.cc(73)] ReadMemory at 0x1ec0f93b9f0 of 132 bytes failed: Only part of a ReadProcessMemory or WriteProcessMemory request was completed. (0x12B)
[0627/160722.050:ERROR:process_memory_win.cc(73)] ReadMemory at 0x1ec0f93bb20 of 132 bytes failed: Only part of a ReadProcessMemory or WriteProcessMemory request was completed. (0x12B)
[0627/160722.050:ERROR:process_memory_win.cc(73)] ReadMemory at 0x1ec0f93bc50 of 132 bytes failed: Only part of a ReadProcessMemory or WriteProcessMemory request was completed. (0x12B)
[0627/160722.050:ERROR:process_memory_win.cc(73)] ReadMemory at 0x1ec0f93bd80 of 132 bytes failed: Only part of a ReadProcessMemory or WriteProcessMemory request was completed. (0x12B)
[0627/160722.051:ERROR:process_memory_win.cc(73)] ReadMemory at 0x1ec0f93beb0 of 132 bytes failed: Only part of a ReadProcessMemory or WriteProcessMemory request was completed. (0x12B)
[0627/160722.051:ERROR:process_memory_win.cc(73)] ReadMemory at 0x1ec0f93bfe0 of 132 bytes failed: Only part of a ReadProcessMemory or WriteProcessMemory request was completed. (0x12B)
[0627/160722.051:ERROR:process_memory_win.cc(73)] ReadMemory at 0x1ec0f93c110 of 132 bytes failed: Only part of a ReadProcessMemory or WriteProcessMemory request was completed. (0x12B)
[0627/160722.051:ERROR:process_memory_win.cc(73)] ReadMemory at 0x1ec0f93c240 of 132 bytes failed: Only part of a ReadProcessMemory or WriteProcessMemory request was completed. (0x12B)
[0627/160722.052:ERROR:process_memory_win.cc(73)] ReadMemory at 0x1ec0f93c370 of 132 bytes failed: Only part of a ReadProcessMemory or WriteProcessMemory request was completed. (0x12B)
[0627/160722.052:ERROR:process_memory_win.cc(73)] ReadMemory at 0x1ec0f93c4a0 of 132 bytes failed: Only part of a ReadProcessMemory or WriteProcessMemory request was completed. (0x12B)
[0627/160722.052:ERROR:process_memory_win.cc(73)] ReadMemory at 0x1ec0f93c5d0 of 132 bytes failed: Only part of a ReadProcessMemory or WriteProcessMemory request was completed. (0x12B)
[0627/160722.052:ERROR:process_memory_win.cc(73)] ReadMemory at 0x1ec0f93c7a0 of 58 bytes failed: Only part of a ReadProcessMemory or WriteProcessMemory request was completed. (0x12B)
[0627/160722.052:ERROR:process_memory_win.cc(73)] ReadMemory at 0x1ec0f93c7f0 of 62 bytes failed: Only part of a ReadProcessMemory or WriteProcessMemory request was completed. (0x12B)
[0627/160722.053:ERROR:process_memory_win.cc(73)] ReadMemory at 0x1ec0f93c930 of 66 bytes failed: Only part of a ReadProcessMemory or WriteProcessMemory request was completed. (0x12B)
[0627/160722.053:ERROR:process_memory_win.cc(73)] ReadMemory at 0x1ec0f93c980 of 62 bytes failed: Only part of a ReadProcessMemory or WriteProcessMemory request was completed. (0x12B)
[0627/160722.053:ERROR:process_memory_win.cc(73)] ReadMemory at 0x1ec0f93cac0 of 64 bytes failed: Only part of a ReadProcessMemory or WriteProcessMemory request was completed. (0x12B)
[0627/160722.053:ERROR:process_memory_win.cc(73)] ReadMemory at 0x1ec0f93cb60 of 62 bytes failed: Only part of a ReadProcessMemory or WriteProcessMemory request was completed. (0x12B)
[0627/160722.054:ERROR:process_memory_win.cc(73)] ReadMemory at 0x1ec0f93cbb0 of 66 bytes failed: Only part of a ReadProcessMemory or WriteProcessMemory request was completed. (0x12B)
[0627/160722.054:ERROR:process_memory_win.cc(73)] ReadMemory at 0x1ec0f93cc00 of 60 bytes failed: Only part of a ReadProcessMemory or WriteProcessMemory request was completed. (0x12B)
[0627/160722.054:ERROR:process_memory_win.cc(73)] ReadMemory at 0x1ec0f93cc50 of 62 bytes failed: Only part of a ReadProcessMemory or WriteProcessMemory request was completed. (0x12B)
[0627/160722.054:ERROR:process_memory_win.cc(73)] ReadMemory at 0x1ec0f93cd40 of 58 bytes failed: Only part of a ReadProcessMemory or WriteProcessMemory request was completed. (0x12B)
[0627/160722.054:ERROR:process_memory_win.cc(73)] ReadMemory at 0x1ec0f93cde0 of 66 bytes failed: Only part of a ReadProcessMemory or WriteProcessMemory request was completed. (0x12B)
[0627/160722.055:ERROR:process_memory_win.cc(73)] ReadMemory at 0x1ec0f93ce80 of 60 bytes failed: Only part of a ReadProcessMemory or WriteProcessMemory request was completed. (0x12B)
[0627/160722.055:ERROR:process_memory_win.cc(73)] ReadMemory at 0x1ec0f93ced0 of 62 bytes failed: Only part of a ReadProcessMemory or WriteProcessMemory request was completed. (0x12B)
[0627/160722.055:ERROR:process_memory_win.cc(73)] ReadMemory at 0x1ec0f93e250 of 246 bytes failed: Only part of a ReadProcessMemory or WriteProcessMemory request was completed. (0x12B)
[0627/160722.055:ERROR:process_memory_win.cc(73)] ReadMemory at 0x1ec0f93e970 of 152 bytes failed: Only part of a ReadProcessMemory or WriteProcessMemory request was completed. (0x12B)
[0627/160722.056:ERROR:process_memory_win.cc(73)] ReadMemory at 0x1ec0f93f51a of 512 bytes failed: Only part of a ReadProcessMemory or WriteProcessMemory request was completed. (0x12B)
[0627/160722.056:ERROR:process_memory_win.cc(73)] ReadMemory at 0x1ec0f9410b0 of 132 bytes failed: Only part of a ReadProcessMemory or WriteProcessMemory request was completed. (0x12B)
[0627/160722.056:ERROR:process_memory_win.cc(73)] ReadMemory at 0x1ec0f9411e0 of 132 bytes failed: Only part of a ReadProcessMemory or WriteProcessMemory request was completed. (0x12B)
[0627/160722.056:ERROR:process_memory_win.cc(73)] ReadMemory at 0x1ec0f941310 of 132 bytes failed: Only part of a ReadProcessMemory or WriteProcessMemory request was completed. (0x12B)
[0627/160722.057:ERROR:process_memory_win.cc(73)] ReadMemory at 0x1ec0f941440 of 132 bytes failed: Only part of a ReadProcessMemory or WriteProcessMemory request was completed. (0x12B)
[0627/160722.057:ERROR:process_memory_win.cc(73)] ReadMemory at 0x1ec0f941570 of 132 bytes failed: Only part of a ReadProcessMemory or WriteProcessMemory request was completed. (0x12B)
[0627/160722.057:ERROR:process_memory_win.cc(73)] ReadMemory at 0x1ec0f9417d0 of 132 bytes failed: Only part of a ReadProcessMemory or WriteProcessMemory request was completed. (0x12B)
[0627/160722.057:ERROR:process_memory_win.cc(73)] ReadMemory at 0x1ec0f941900 of 132 bytes failed: Only part of a ReadProcessMemory or WriteProcessMemory request was completed. (0x12B)
[0627/160722.057:ERROR:process_memory_win.cc(73)] ReadMemory at 0x1ec0f941a30 of 132 bytes failed: Only part of a ReadProcessMemory or WriteProcessMemory request was completed. (0x12B)
[0627/160722.058:ERROR:process_memory_win.cc(73)] ReadMemory at 0x1ec0f941b60 of 132 bytes failed: Only part of a ReadProcessMemory or WriteProcessMemory request was completed. (0x12B)
[0627/160722.058:ERROR:process_memory_win.cc(73)] ReadMemory at 0x1ec0f941c90 of 132 bytes failed: Only part of a ReadProcessMemory or WriteProcessMemory request was completed. (0x12B)
[0627/160722.058:ERROR:process_memory_win.cc(73)] ReadMemory at 0x1ec0f941dc0 of 132 bytes failed: Only part of a ReadProcessMemory or WriteProcessMemory request was completed. (0x12B)
[0627/160722.058:ERROR:process_memory_win.cc(73)] ReadMemory at 0x1ec0f941ef0 of 132 bytes failed: Only part of a ReadProcessMemory or WriteProcessMemory request was completed. (0x12B)
[0627/160722.059:ERROR:process_memory_win.cc(73)] ReadMemory at 0x1ec0f942020 of 132 bytes failed: Only part of a ReadProcessMemory or WriteProcessMemory request was completed. (0x12B)
[0627/160722.059:ERROR:process_memory_win.cc(73)] ReadMemory at 0x1ec0f942150 of 132 bytes failed: Only part of a ReadProcessMemory or WriteProcessMemory request was completed. (0x12B)
[0627/160722.059:ERROR:process_memory_win.cc(73)] ReadMemory at 0x1ec0f942280 of 132 bytes failed: Only part of a ReadProcessMemory or WriteProcessMemory request was completed. (0x12B)
[0627/160722.059:ERROR:process_memory_win.cc(73)] ReadMemory at 0x1ec0f9423b0 of 132 bytes failed: Only part of a ReadProcessMemory or WriteProcessMemory request was completed. (0x12B)
[0627/160722.059:ERROR:process_memory_win.cc(73)] ReadMemory at 0x1ec0f9424e0 of 132 bytes failed: Only part of a ReadProcessMemory or WriteProcessMemory request was completed. (0x12B)
[0627/160722.060:ERROR:process_memory_win.cc(73)] ReadMemory at 0x1ec0f942610 of 132 bytes failed: Only part of a ReadProcessMemory or WriteProcessMemory request was completed. (0x12B)
[0627/160722.060:ERROR:process_memory_win.cc(73)] ReadMemory at 0x1ec0f942740 of 132 bytes failed: Only part of a ReadProcessMemory or WriteProcessMemory request was completed. (0x12B)
[0627/160722.060:ERROR:process_memory_win.cc(73)] ReadMemory at 0x1ec0f942870 of 132 bytes failed: Only part of a ReadProcessMemory or WriteProcessMemory request was completed. (0x12B)
[0627/160722.060:ERROR:process_memory_win.cc(73)] ReadMemory at 0x1ec0f9429a0 of 132 bytes failed: Only part of a ReadProcessMemory or WriteProcessMemory request was completed. (0x12B)
[0627/160722.060:ERROR:process_memory_win.cc(73)] ReadMemory at 0x1ec0f942ad0 of 132 bytes failed: Only part of a ReadProcessMemory or WriteProcessMemory request was completed. (0x12B)
[0627/160722.061:ERROR:process_memory_win.cc(73)] ReadMemory at 0x1ec0f942c00 of 132 bytes failed: Only part of a ReadProcessMemory or WriteProcessMemory request was completed. (0x12B)
[0627/160722.061:ERROR:process_memory_win.cc(73)] ReadMemory at 0x1ec0f942d30 of 132 bytes failed: Only part of a ReadProcessMemory or WriteProcessMemory request was completed. (0x12B)
[0627/160722.061:ERROR:process_memory_win.cc(73)] ReadMemory at 0x1ec0f942e60 of 132 bytes failed: Only part of a ReadProcessMemory or WriteProcessMemory request was completed. (0x12B)
[0627/160722.061:ERROR:process_memory_win.cc(73)] ReadMemory at 0x1ec0f943420 of 80 bytes failed: Only part of a ReadProcessMemory or WriteProcessMemory request was completed. (0x12B)
[0627/160722.062:ERROR:process_memory_win.cc(73)] ReadMemory at 0x1ec0f947420 of 58 bytes failed: Only part of a ReadProcessMemory or WriteProcessMemory request was completed. (0x12B)
[0627/160722.062:ERROR:process_memory_win.cc(73)] ReadMemory at 0x1ec0f94d1c0 of 54 bytes failed: Only part of a ReadProcessMemory or WriteProcessMemory request was completed. (0x12B)
[0627/160722.062:ERROR:process_memory_win.cc(73)] ReadMemory at 0x1ec0f9536f0 of 64 bytes failed: Only part of a ReadProcessMemory or WriteProcessMemory request was completed. (0x12B)
[0627/160722.062:ERROR:process_memory_win.cc(73)] ReadMemory at 0x1ec0f953740 of 62 bytes failed: Only part of a ReadProcessMemory or WriteProcessMemory request was completed. (0x12B)
[0627/160722.062:ERROR:process_memory_win.cc(73)] ReadMemory at 0x1ec0f953830 of 68 bytes failed: Only part of a ReadProcessMemory or WriteProcessMemory request was completed. (0x12B)
[0627/160722.063:ERROR:process_memory_win.cc(73)] ReadMemory at 0x1ec0f9538d0 of 64 bytes failed: Only part of a ReadProcessMemory or WriteProcessMemory request was completed. (0x12B)
[0627/160722.063:ERROR:process_memory_win.cc(73)] ReadMemory at 0x1ec0f953920 of 64 bytes failed: Only part of a ReadProcessMemory or WriteProcessMemory request was completed. (0x12B)
[0627/160722.063:ERROR:process_memory_win.cc(73)] ReadMemory at 0x1ec0f953b00 of 64 bytes failed: Only part of a ReadProcessMemory or WriteProcessMemory request was completed. (0x12B)
[0627/160722.063:ERROR:process_memory_win.cc(73)] ReadMemory at 0x1ec0f953bf0 of 60 bytes failed: Only part of a ReadProcessMemory or WriteProcessMemory request was completed. (0x12B)
[0627/160722.064:ERROR:process_memory_win.cc(73)] ReadMemory at 0x1ec0f953c90 of 64 bytes failed: Only part of a ReadProcessMemory or WriteProcessMemory request was completed. (0x12B)
[0627/160722.064:ERROR:process_memory_win.cc(73)] ReadMemory at 0x1ec0f953ce0 of 64 bytes failed: Only part of a ReadProcessMemory or WriteProcessMemory request was completed. (0x12B)
[0627/160722.064:ERROR:process_memory_win.cc(73)] ReadMemory at 0x1ec0f953d80 of 60 bytes failed: Only part of a ReadProcessMemory or WriteProcessMemory request was completed. (0x12B)
[0627/160722.064:ERROR:process_memory_win.cc(73)] ReadMemory at 0x1ec0f953dd0 of 60 bytes failed: Only part of a ReadProcessMemory or WriteProcessMemory request was completed. (0x12B)
[0627/160722.064:ERROR:process_memory_win.cc(73)] ReadMemory at 0x1ec0f953f10 of 62 bytes failed: Only part of a ReadProcessMemory or WriteProcessMemory request was completed. (0x12B)
[0627/160722.065:ERROR:process_memory_win.cc(73)] ReadMemory at 0x1ec0f953fb0 of 58 bytes failed: Only part of a ReadProcessMemory or WriteProcessMemory request was completed. (0x12B)
[0627/160722.065:ERROR:process_memory_win.cc(73)] ReadMemory at 0x1ec0f9540a0 of 64 bytes failed: Only part of a ReadProcessMemory or WriteProcessMemory request was completed. (0x12B)
[0627/160722.065:ERROR:process_memory_win.cc(73)] ReadMemory at 0x1ec0f954190 of 60 bytes failed: Only part of a ReadProcessMemory or WriteProcessMemory request was completed. (0x12B)
[0627/160722.065:ERROR:process_memory_win.cc(73)] ReadMemory at 0x1ec0f9541e0 of 62 bytes failed: Only part of a ReadProcessMemory or WriteProcessMemory request was completed. (0x12B)
[0627/160722.066:ERROR:process_memory_win.cc(73)] ReadMemory at 0x1ec0f954280 of 60 bytes failed: Only part of a ReadProcessMemory or WriteProcessMemory request was completed. (0x12B)
[0627/160722.066:ERROR:process_memory_win.cc(73)] ReadMemory at 0x1ec0f954320 of 60 bytes failed: Only part of a ReadProcessMemory or WriteProcessMemory request was completed. (0x12B)
[0627/160722.066:ERROR:process_memory_win.cc(73)] ReadMemory at 0x1ec0f9543c0 of 62 bytes failed: Only part of a ReadProcessMemory or WriteProcessMemory request was completed. (0x12B)
[0627/160722.066:ERROR:process_memory_win.cc(73)] ReadMemory at 0x1ec0f954460 of 56 bytes failed: Only part of a ReadProcessMemory or WriteProcessMemory request was completed. (0x12B)
[0627/160722.066:ERROR:process_memory_win.cc(73)] ReadMemory at 0x1ec0f9544b0 of 64 bytes failed: Only part of a ReadProcessMemory or WriteProcessMemory request was completed. (0x12B)
[0627/160722.066:ERROR:process_memory_win.cc(73)] ReadMemory at 0x1ec0f954500 of 58 bytes failed: Only part of a ReadProcessMemory or WriteProcessMemory request was completed. (0x12B)
[0627/160722.066:ERROR:process_memory_win.cc(73)] ReadMemory at 0x1ec0f954550 of 62 bytes failed: Only part of a ReadProcessMemory or WriteProcessMemory request was completed. (0x12B)
[0627/160722.066:ERROR:process_memory_win.cc(73)] ReadMemory at 0x1ec0f9545a0 of 62 bytes failed: Only part of a ReadProcessMemory or WriteProcessMemory request was completed. (0x12B)
[0627/160722.066:ERROR:process_memory_win.cc(73)] ReadMemory at 0x1ec0f956fe0 of 132 bytes failed: Only part of a ReadProcessMemory or WriteProcessMemory request was completed. (0x12B)
[0627/160722.067:ERROR:process_memory_win.cc(73)] ReadMemory at 0x1ec0f957110 of 132 bytes failed: Only part of a ReadProcessMemory or WriteProcessMemory request was completed. (0x12B)
[0627/160722.067:ERROR:process_memory_win.cc(73)] ReadMemory at 0x1ec0f9575d0 of 132 bytes failed: Only part of a ReadProcessMemory or WriteProcessMemory request was completed. (0x12B)
[0627/160722.067:ERROR:process_memory_win.cc(73)] ReadMemory at 0x1ec0f957e20 of 132 bytes failed: Only part of a ReadProcessMemory or WriteProcessMemory request was completed. (0x12B)
[0627/160722.067:ERROR:process_memory_win.cc(73)] ReadMemory at 0x1ec0f958080 of 132 bytes failed: Only part of a ReadProcessMemory or WriteProcessMemory request was completed. (0x12B)
[0627/160722.067:ERROR:process_memory_win.cc(73)] ReadMemory at 0x1ec0f96e900 of 512 bytes failed: Only part of a ReadProcessMemory or WriteProcessMemory request was completed. (0x12B)
[0627/160722.067:ERROR:process_memory_win.cc(73)] ReadMemory at 0x1ec0fa60c40 of 512 bytes failed: Only part of a ReadProcessMemory or WriteProcessMemory request was completed. (0x12B)
[0627/160722.067:ERROR:process_memory_win.cc(73)] ReadMemory at 0x1ec1007ff80 of 512 bytes failed: Only part of a ReadProcessMemory or WriteProcessMemory request was completed. (0x12B)
[0627/160722.068:ERROR:process_memory_win.cc(73)] ReadMemory at 0x1ec100cf080 of 513 bytes failed: Only part of a ReadProcessMemory or WriteProcessMemory request was completed. (0x12B)
[0627/160722.068:ERROR:process_memory_win.cc(73)] ReadMemory at 0x1ec100d64a0 of 712 bytes failed: Only part of a ReadProcessMemory or WriteProcessMemory request was completed. (0x12B)
[0627/160722.068:ERROR:process_memory_win.cc(73)] ReadMemory at 0x1ec1016c150 of 512 bytes failed: Only part of a ReadProcessMemory or WriteProcessMemory request was completed. (0x12B)
[0627/160722.068:ERROR:process_memory_win.cc(73)] ReadMemory at 0x1ec10171d80 of 512 bytes failed: Only part of a ReadProcessMemory or WriteProcessMemory request was completed. (0x12B)
[0627/160722.069:ERROR:process_memory_win.cc(73)] ReadMemory at 0x1ec11d69c80 of 544 bytes failed: Only part of a ReadProcessMemory or WriteProcessMemory request was completed. (0x12B)
[0627/160722.069:ERROR:process_memory_win.cc(73)] ReadMemory at 0x1ec11d70ae0 of 560 bytes failed: Only part of a ReadProcessMemory or WriteProcessMemory request was completed. (0x12B)
[0627/160722.069:ERROR:process_memory_win.cc(73)] ReadMemory at 0x1ec11d8e410 of 512 bytes failed: Only part of a ReadProcessMemory or WriteProcessMemory request was completed. (0x12B)
[0627/160722.070:ERROR:process_memory_win.cc(73)] ReadMemory at 0x1ec11e5da58 of 512 bytes failed: Only part of a ReadProcessMemory or WriteProcessMemory request was completed. (0x12B)
[0627/160722.070:ERROR:process_memory_win.cc(73)] ReadMemory at 0x1ec11e89980 of 512 bytes failed: Only part of a ReadProcessMemory or WriteProcessMemory request was completed. (0x12B)
[0627/160722.070:ERROR:process_memory_win.cc(73)] ReadMemory at 0x1ec12145cb0 of 512 bytes failed: Only part of a ReadProcessMemory or WriteProcessMemory request was completed. (0x12B)
[0627/160722.070:ERROR:process_memory_win.cc(73)] ReadMemory at 0x1ec12146700 of 528 bytes failed: Only part of a ReadProcessMemory or WriteProcessMemory request was completed. (0x12B)
[0627/160722.070:ERROR:process_memory_win.cc(73)] ReadMemory at 0x1ec1222f090 of 512 bytes failed: Only part of a ReadProcessMemory or WriteProcessMemory request was completed. (0x12B)
[0627/160722.070:ERROR:process_memory_win.cc(73)] ReadMemory at 0x1ec1229bc90 of 512 bytes failed: Only part of a ReadProcessMemory or WriteProcessMemory request was completed. (0x12B)
[0627/160722.070:ERROR:process_memory_win.cc(73)] ReadMemory at 0x1ec1231d750 of 512 bytes failed: Only part of a ReadProcessMemory or WriteProcessMemory request was completed. (0x12B)
[0627/160722.070:ERROR:process_memory_win.cc(73)] ReadMemory at 0x1ec123e01f0 of 688 bytes failed: Only part of a ReadProcessMemory or WriteProcessMemory request was completed. (0x12B)
[0627/160722.071:ERROR:process_memory_win.cc(73)] ReadMemory at 0x1ec1242bdc0 of 512 bytes failed: Only part of a ReadProcessMemory or WriteProcessMemory request was completed. (0x12B)
[0627/160722.071:ERROR:process_memory_win.cc(73)] ReadMemory at 0x1ec1242f150 of 512 bytes failed: Only part of a ReadProcessMemory or WriteProcessMemory request was completed. (0x12B)
[0627/160722.071:ERROR:process_memory_win.cc(73)] ReadMemory at 0x1ec12495668 of 512 bytes failed: Only part of a ReadProcessMemory or WriteProcessMemory request was completed. (0x12B)
[0627/160722.071:ERROR:process_memory_win.cc(73)] ReadMemory at 0x1ec13540a38 of 512 bytes failed: Only part of a ReadProcessMemory or WriteProcessMemory request was completed. (0x12B)
[0627/160722.071:ERROR:process_memory_win.cc(73)] ReadMemory at 0x1ec135b0960 of 512 bytes failed: Only part of a ReadProcessMemory or WriteProcessMemory request was completed. (0x12B)
[0627/160722.071:ERROR:process_memory_win.cc(73)] ReadMemory at 0x1ec1369c0d0 of 512 bytes failed: Only part of a ReadProcessMemory or WriteProcessMemory request was completed. (0x12B)
[0627/160722.071:ERROR:process_memory_win.cc(73)] ReadMemory at 0x1ec137f1c90 of 512 bytes failed: Only part of a ReadProcessMemory or WriteProcessMemory request was completed. (0x12B)
[0627/160722.072:ERROR:process_memory_win.cc(73)] ReadMemory at 0x1ec13c0e730 of 512 bytes failed: Only part of a ReadProcessMemory or WriteProcessMemory request was completed. (0x12B)
[0627/160722.072:ERROR:process_memory_win.cc(73)] ReadMemory at 0x1bcd1acf7f80 of 128 bytes failed: Only part of a ReadProcessMemory or WriteProcessMemory request was completed. (0x12B)
[0627/160722.072:ERROR:process_memory_win.cc(73)] ReadMemory at 0x6859f3867f8a of 118 bytes failed: Only part of a ReadProcessMemory or WriteProcessMemory request was completed. (0x12B)
[0627/160722.072:ERROR:process_memory_win.cc(73)] ReadMemory at 0x7ff80f5190a9 of 512 bytes failed: Only part of a ReadProcessMemory or WriteProcessMemory request was completed. (0x12B)
[0627/160722.073:ERROR:process_memory_win.cc(73)] ReadMemory at 0x7ff8133421f0 of 512 bytes failed: Only part of a ReadProcessMemory or WriteProcessMemory request was completed. (0x12B)
[0627/160722.073:ERROR:process_memory_win.cc(73)] ReadMemory at 0x7ff8134224e9 of 512 bytes failed: Only part of a ReadProcessMemory or WriteProcessMemory request was completed. (0x12B)
[0627/160722.073:ERROR:process_memory_win.cc(73)] ReadMemory at 0x7ff81345ff00 of 512 bytes failed: Only part of a ReadProcessMemory or WriteProcessMemory request was completed. (0x12B)
[0627/160722.073:ERROR:process_memory_win.cc(73)] ReadMemory at 0x7ff8134af764 of 672 bytes failed: Only part of a ReadProcessMemory or WriteProcessMemory request was completed. (0x12B)
[0627/160722.073:ERROR:process_memory_win.cc(73)] ReadMemory at 0x7ff8134afd64 of 512 bytes failed: Only part of a ReadProcessMemory or WriteProcessMemory request was completed. (0x12B)
[0627/160722.073:ERROR:process_memory_win.cc(73)] ReadMemory at 0x7ff8134b2ff4 of 608 bytes failed: Only part of a ReadProcessMemory or WriteProcessMemory request was completed. (0x12B)
[0627/160722.073:ERROR:process_memory_win.cc(73)] ReadMemory at 0x7ff81353c0c8 of 18 bytes failed: Only part of a ReadProcessMemory or WriteProcessMemory request was completed. (0x12B)
[0627/160722.073:ERROR:process_memory_win.cc(73)] ReadMemory at 0x7ff81356f4f8 of 40 bytes failed: Only part of a ReadProcessMemory or WriteProcessMemory request was completed. (0x12B)
[0627/160722.073:ERROR:process_memory_win.cc(73)] ReadMemory at 0x7ff81356f978 of 48 bytes failed: Only part of a ReadProcessMemory or WriteProcessMemory request was completed. (0x12B)
[0627/160722.074:ERROR:process_memory_win.cc(73)] ReadMemory at 0x7ff8135753c0 of 64 bytes failed: Only part of a ReadProcessMemory or WriteProcessMemory request was completed. (0x12B)
[0627/160722.074:ERROR:process_memory_win.cc(73)] ReadMemory at 0x7fffc5d20000 of 384 bytes failed: Only part of a ReadProcessMemory or WriteProcessMemory request was completed. (0x12B)
[0627/160722.074:ERROR:process_memory_win.cc(73)] ReadMemory at 0x7fffc7c804dc of 512 bytes failed: Only part of a ReadProcessMemory or WriteProcessMemory request was completed. (0x12B)
[0627/160722.074:ERROR:process_memory_win.cc(73)] ReadMemory at 0x7fffcb1b4dca of 512 bytes failed: Only part of a ReadProcessMemory or WriteProcessMemory request was completed. (0x12B)
[0627/160722.078:ERROR:file_io_win.cc(161)] CreateFile C:\Users\QUALIT~1\AppData\Local\Temp\scoped_dir68496_5311\Crashpad\settings.dat: The system cannot find the file specified. (0x2)
[0627/160722.078:ERROR:scoped_process_suspend.cc(40)] NtResumeProcess: An attempt was made to access an exiting process. (0xc000010a)
[0705/152817.287:ERROR:process_reader_win.cc(151)] SuspendThread: Access is denied. (0x5)
[0705/152817.291:ERROR:exception_snapshot_win.cc(98)] thread ID 24272 not found in process
<<<<<<< HEAD
[0731/175608.559:ERROR:process_reader_win.cc(151)] SuspendThread: Access is denied. (0x5)
[0731/175608.569:ERROR:exception_snapshot_win.cc(98)] thread ID 55976 not found in process
[0731/175608.569:ERROR:scoped_process_suspend.cc(40)] NtResumeProcess: An attempt was made to access an exiting process. (0xc000010a)
=======
>>>>>>> branch 'CityRadar' of https://github.com/AccuWeather-Inc/Web-GlacierSelenium.git
[1004/153016.516:ERROR:process_reader_win.cc(182)] ResumeThread: The parameter is incorrect. (0x57)
[1004/153016.517:ERROR:process_reader_win.cc(151)] SuspendThread: Access is denied. (0x5)
[1004/153016.517:ERROR:process_reader_win.cc(151)] SuspendThread: Access is denied. (0x5)
[1004/153016.517:ERROR:process_reader_win.cc(151)] SuspendThread: Access is denied. (0x5)
[1004/153016.517:ERROR:process_reader_win.cc(151)] SuspendThread: Access is denied. (0x5)
[1004/153016.517:ERROR:process_reader_win.cc(151)] SuspendThread: Access is denied. (0x5)
[1004/153016.517:ERROR:process_reader_win.cc(151)] SuspendThread: Access is denied. (0x5)
[1004/153016.517:ERROR:process_reader_win.cc(151)] SuspendThread: Access is denied. (0x5)
[1004/153016.517:ERROR:process_reader_win.cc(151)] SuspendThread: Access is denied. (0x5)
[1004/153016.517:ERROR:process_reader_win.cc(151)] SuspendThread: Access is denied. (0x5)
[1004/153016.517:ERROR:process_reader_win.cc(151)] SuspendThread: Access is denied. (0x5)
[1004/153016.517:ERROR:process_reader_win.cc(151)] SuspendThread: Access is denied. (0x5)
[1004/153016.517:ERROR:process_reader_win.cc(151)] SuspendThread: Access is denied. (0x5)
[1004/153016.517:ERROR:process_reader_win.cc(151)] SuspendThread: Access is denied. (0x5)
[1004/153016.517:ERROR:process_reader_win.cc(151)] SuspendThread: Access is denied. (0x5)
[1004/153016.517:ERROR:process_reader_win.cc(151)] SuspendThread: Access is denied. (0x5)
[1004/153016.517:ERROR:process_reader_win.cc(151)] SuspendThread: Access is denied. (0x5)
[1004/153016.517:ERROR:exception_snapshot_win.cc(98)] thread ID 21552 not found in process
[1004/154736.283:ERROR:process_info.cc(329)] VirtualQueryEx: Access is denied. (0x5)
[1004/154736.283:ERROR:process_info.cc(556)] ReadMemoryInfo failed
[1004/154736.283:ERROR:scoped_process_suspend.cc(40)] NtResumeProcess: An attempt was made to access an exiting process. (0xc000010a)
[1006/104206.950:ERROR:process_reader_win.cc(151)] SuspendThread: Access is denied. (0x5)
[1006/104206.966:ERROR:exception_snapshot_win.cc(98)] thread ID 34056 not found in process
[1006/112013.854:ERROR:process_reader_win.cc(151)] SuspendThread: Access is denied. (0x5)
[1006/112013.854:ERROR:process_reader_win.cc(151)] SuspendThread: Access is denied. (0x5)
[1006/112013.854:ERROR:exception_snapshot_win.cc(98)] thread ID 30408 not found in process
[1006/190657.768:ERROR:process_reader_win.cc(151)] SuspendThread: Access is denied. (0x5)
[1006/190657.769:ERROR:process_reader_win.cc(151)] SuspendThread: Access is denied. (0x5)
[1006/190657.769:ERROR:process_reader_win.cc(151)] SuspendThread: Access is denied. (0x5)
[1006/190657.769:ERROR:exception_snapshot_win.cc(98)] thread ID 40532 not found in process
[1007/100851.388:ERROR:process_info.cc(329)] VirtualQueryEx: Access is denied. (0x5)
[1007/100851.388:ERROR:process_info.cc(556)] ReadMemoryInfo failed
[1007/100851.388:ERROR:process_memory_win.cc(39)] Failed to initialize ProcessInfo.
[1007/100851.388:ERROR:scoped_process_suspend.cc(40)] NtResumeProcess: An attempt was made to access an exiting process. (0xc000010a)
[1009/074819.788:ERROR:process_reader_win.cc(151)] SuspendThread: Access is denied. (0x5)
[1009/074819.790:ERROR:process_reader_win.cc(151)] SuspendThread: Access is denied. (0x5)
[1009/074819.790:ERROR:exception_snapshot_win.cc(98)] thread ID 10624 not found in process
[1009/080111.669:ERROR:process_reader_win.cc(151)] SuspendThread: Access is denied. (0x5)
[1009/080111.670:ERROR:process_reader_win.cc(151)] SuspendThread: Access is denied. (0x5)
[1009/080111.670:ERROR:process_reader_win.cc(151)] SuspendThread: Access is denied. (0x5)
[1009/080111.670:ERROR:exception_snapshot_win.cc(98)] thread ID 9692 not found in process
[1010/080125.648:ERROR:process_reader_win.cc(151)] SuspendThread: Access is denied. (0x5)
[1010/080125.648:ERROR:exception_snapshot_win.cc(98)] thread ID 21288 not found in process
[1010/080125.648:ERROR:scoped_process_suspend.cc(40)] NtResumeProcess: An attempt was made to access an exiting process. (0xc000010a)
[1010/155636.120:ERROR:process_reader_win.cc(151)] SuspendThread: Access is denied. (0x5)
[1010/155636.120:ERROR:exception_snapshot_win.cc(98)] thread ID 23724 not found in process
[1010/165715.022:ERROR:process_reader_win.cc(151)] SuspendThread: Access is denied. (0x5)
[1010/165715.022:ERROR:exception_snapshot_win.cc(98)] thread ID 16464 not found in process
[1011/075723.068:ERROR:prune_crash_reports.cc(34)] PruneCrashReportDatabase: Failed to get pending reports
[1218/105930.096:ERROR:registration_protocol_win.cc(84)] TransactNamedPipe: The pipe has been ended. (0x6D)
[1218/110238.618:ERROR:registration_protocol_win.cc(84)] TransactNamedPipe: The pipe has been ended. (0x6D)
[1218/110412.705:ERROR:registration_protocol_win.cc(84)] TransactNamedPipe: The pipe has been ended. (0x6D)
[1218/122442.658:ERROR:registration_protocol_win.cc(84)] TransactNamedPipe: The pipe has been ended. (0x6D)
[1218/122631.456:ERROR:registration_protocol_win.cc(84)] TransactNamedPipe: The pipe has been ended. (0x6D)
[1218/123021.368:ERROR:registration_protocol_win.cc(84)] TransactNamedPipe: The pipe has been ended. (0x6D)
[1218/124221.812:ERROR:registration_protocol_win.cc(84)] TransactNamedPipe: The pipe has been ended. (0x6D)
[1218/124340.980:ERROR:registration_protocol_win.cc(84)] TransactNamedPipe: The pipe has been ended. (0x6D)
[1218/125730.822:ERROR:registration_protocol_win.cc(84)] TransactNamedPipe: The pipe has been ended. (0x6D)
[1218/131901.396:ERROR:registration_protocol_win.cc(84)] TransactNamedPipe: The pipe has been ended. (0x6D)
[1218/132324.163:ERROR:registration_protocol_win.cc(84)] TransactNamedPipe: The pipe has been ended. (0x6D)
[1218/133617.784:ERROR:registration_protocol_win.cc(84)] TransactNamedPipe: The pipe has been ended. (0x6D)
[1218/144731.094:ERROR:registration_protocol_win.cc(84)] TransactNamedPipe: The pipe has been ended. (0x6D)
[1218/225544.494:ERROR:registration_protocol_win.cc(84)] TransactNamedPipe: The pipe has been ended. (0x6D)
[1218/225700.817:ERROR:registration_protocol_win.cc(84)] TransactNamedPipe: The pipe has been ended. (0x6D)
[1218/230421.698:ERROR:registration_protocol_win.cc(84)] TransactNamedPipe: The pipe has been ended. (0x6D)
[1218/233026.245:ERROR:registration_protocol_win.cc(84)] TransactNamedPipe: The pipe has been ended. (0x6D)
[1218/235315.912:ERROR:registration_protocol_win.cc(84)] TransactNamedPipe: The pipe has been ended. (0x6D)
[1219/081129.714:ERROR:registration_protocol_win.cc(84)] TransactNamedPipe: The pipe has been ended. (0x6D)
[1219/082637.848:ERROR:registration_protocol_win.cc(84)] TransactNamedPipe: The pipe has been ended. (0x6D)
[1219/213257.704:ERROR:registration_protocol_win.cc(84)] TransactNamedPipe: The pipe has been ended. (0x6D)
[1219/213458.608:ERROR:registration_protocol_win.cc(84)] TransactNamedPipe: The pipe has been ended. (0x6D)
[1219/213723.516:ERROR:registration_protocol_win.cc(84)] TransactNamedPipe: The pipe has been ended. (0x6D)
[1219/215946.545:ERROR:registration_protocol_win.cc(84)] TransactNamedPipe: The pipe has been ended. (0x6D)
[1219/220240.410:ERROR:registration_protocol_win.cc(84)] TransactNamedPipe: The pipe has been ended. (0x6D)
[1219/220505.758:ERROR:registration_protocol_win.cc(84)] TransactNamedPipe: The pipe has been ended. (0x6D)
[1219/221520.170:ERROR:registration_protocol_win.cc(84)] TransactNamedPipe: The pipe has been ended. (0x6D)
[1219/221834.531:ERROR:registration_protocol_win.cc(84)] TransactNamedPipe: The pipe has been ended. (0x6D)
[1219/222034.680:ERROR:registration_protocol_win.cc(84)] TransactNamedPipe: The pipe has been ended. (0x6D)
[1219/222235.573:ERROR:registration_protocol_win.cc(84)] TransactNamedPipe: The pipe has been ended. (0x6D)
[1219/223054.385:ERROR:registration_protocol_win.cc(84)] TransactNamedPipe: The pipe has been ended. (0x6D)
[1219/223218.110:ERROR:registration_protocol_win.cc(84)] TransactNamedPipe: The pipe has been ended. (0x6D)
[1219/223505.277:ERROR:registration_protocol_win.cc(84)] TransactNamedPipe: The pipe has been ended. (0x6D)
[1219/230351.629:ERROR:registration_protocol_win.cc(84)] TransactNamedPipe: The pipe has been ended. (0x6D)
[1219/230622.391:ERROR:registration_protocol_win.cc(84)] TransactNamedPipe: The pipe has been ended. (0x6D)
[1219/230745.306:ERROR:registration_protocol_win.cc(84)] TransactNamedPipe: The pipe has been ended. (0x6D)
[1220/001239.047:ERROR:registration_protocol_win.cc(84)] TransactNamedPipe: The pipe has been ended. (0x6D)
[1220/001750.820:ERROR:registration_protocol_win.cc(84)] TransactNamedPipe: The pipe has been ended. (0x6D)
[1220/002106.654:ERROR:registration_protocol_win.cc(84)] TransactNamedPipe: The pipe has been ended. (0x6D)
[1220/002627.855:ERROR:registration_protocol_win.cc(84)] TransactNamedPipe: The pipe has been ended. (0x6D)
[1220/003939.574:ERROR:registration_protocol_win.cc(84)] TransactNamedPipe: The pipe has been ended. (0x6D)
[1220/004651.368:ERROR:registration_protocol_win.cc(84)] TransactNamedPipe: The pipe has been ended. (0x6D)
[1220/011310.475:ERROR:registration_protocol_win.cc(84)] TransactNamedPipe: The pipe has been ended. (0x6D)
[1220/013250.989:ERROR:registration_protocol_win.cc(84)] TransactNamedPipe: The pipe has been ended. (0x6D)
[1220/013727.547:ERROR:registration_protocol_win.cc(84)] TransactNamedPipe: The pipe has been ended. (0x6D)
[1220/014231.493:ERROR:registration_protocol_win.cc(84)] TransactNamedPipe: The pipe has been ended. (0x6D)
[1220/014437.389:ERROR:registration_protocol_win.cc(84)] TransactNamedPipe: The pipe has been ended. (0x6D)
[1220/014849.740:ERROR:registration_protocol_win.cc(84)] TransactNamedPipe: The pipe has been ended. (0x6D)
[1220/015152.386:ERROR:registration_protocol_win.cc(84)] TransactNamedPipe: The pipe has been ended. (0x6D)
[1220/021828.267:ERROR:registration_protocol_win.cc(84)] TransactNamedPipe: The pipe has been ended. (0x6D)
[1220/023136.480:ERROR:registration_protocol_win.cc(84)] TransactNamedPipe: The pipe has been ended. (0x6D)
[1221/223517.116:ERROR:registration_protocol_win.cc(84)] TransactNamedPipe: The pipe has been ended. (0x6D)
[1221/224405.441:ERROR:registration_protocol_win.cc(84)] TransactNamedPipe: The pipe has been ended. (0x6D)
[1221/224841.120:ERROR:registration_protocol_win.cc(84)] TransactNamedPipe: The pipe has been ended. (0x6D)
[1221/225250.493:ERROR:registration_protocol_win.cc(84)] TransactNamedPipe: The pipe has been ended. (0x6D)
[1221/234620.193:ERROR:registration_protocol_win.cc(84)] TransactNamedPipe: The pipe has been ended. (0x6D)
[1222/000435.356:ERROR:registration_protocol_win.cc(84)] TransactNamedPipe: The pipe has been ended. (0x6D)
[1222/000854.683:ERROR:registration_protocol_win.cc(84)] TransactNamedPipe: The pipe has been ended. (0x6D)
[1222/001557.527:ERROR:registration_protocol_win.cc(84)] TransactNamedPipe: The pipe has been ended. (0x6D)
[1222/002001.460:ERROR:registration_protocol_win.cc(84)] TransactNamedPipe: The pipe has been ended. (0x6D)
[1222/002655.681:ERROR:registration_protocol_win.cc(84)] TransactNamedPipe: The pipe has been ended. (0x6D)
[1222/003703.175:ERROR:registration_protocol_win.cc(84)] TransactNamedPipe: The pipe has been ended. (0x6D)
[1222/003854.949:ERROR:registration_protocol_win.cc(84)] TransactNamedPipe: The pipe has been ended. (0x6D)
[1222/004315.989:ERROR:registration_protocol_win.cc(84)] TransactNamedPipe: The pipe has been ended. (0x6D)
[1222/014644.793:ERROR:registration_protocol_win.cc(84)] TransactNamedPipe: The pipe has been ended. (0x6D)
[1222/014728.395:ERROR:registration_protocol_win.cc(84)] TransactNamedPipe: The pipe has been ended. (0x6D)
[1222/015200.113:ERROR:registration_protocol_win.cc(84)] TransactNamedPipe: The pipe has been ended. (0x6D)
[1222/015444.898:ERROR:registration_protocol_win.cc(84)] TransactNamedPipe: The pipe has been ended. (0x6D)
[1222/020135.817:ERROR:registration_protocol_win.cc(84)] TransactNamedPipe: The pipe has been ended. (0x6D)
[1222/020414.512:ERROR:registration_protocol_win.cc(84)] TransactNamedPipe: The pipe has been ended. (0x6D)
[1222/233756.094:ERROR:registration_protocol_win.cc(84)] TransactNamedPipe: The pipe has been ended. (0x6D)
[1222/234257.759:ERROR:registration_protocol_win.cc(84)] TransactNamedPipe: The pipe has been ended. (0x6D)
[1222/234351.051:ERROR:registration_protocol_win.cc(84)] TransactNamedPipe: The pipe has been ended. (0x6D)
[1222/234640.767:ERROR:registration_protocol_win.cc(84)] TransactNamedPipe: The pipe has been ended. (0x6D)
[1223/001302.368:ERROR:registration_protocol_win.cc(84)] TransactNamedPipe: The pipe has been ended. (0x6D)
[1223/001348.011:ERROR:registration_protocol_win.cc(84)] TransactNamedPipe: The pipe has been ended. (0x6D)
[1223/001617.409:ERROR:registration_protocol_win.cc(84)] TransactNamedPipe: The pipe has been ended. (0x6D)
[1223/002357.861:ERROR:registration_protocol_win.cc(84)] TransactNamedPipe: The pipe has been ended. (0x6D)
[1223/002852.982:ERROR:registration_protocol_win.cc(84)] TransactNamedPipe: The pipe has been ended. (0x6D)
[1223/003521.922:ERROR:registration_protocol_win.cc(84)] TransactNamedPipe: The pipe has been ended. (0x6D)
[1223/004023.345:ERROR:registration_protocol_win.cc(84)] TransactNamedPipe: The pipe has been ended. (0x6D)
[1223/004323.953:ERROR:registration_protocol_win.cc(84)] TransactNamedPipe: The pipe has been ended. (0x6D)
[1223/010909.259:ERROR:registration_protocol_win.cc(84)] TransactNamedPipe: The pipe has been ended. (0x6D)
[1223/011146.513:ERROR:registration_protocol_win.cc(84)] TransactNamedPipe: The pipe has been ended. (0x6D)
[1223/011303.921:ERROR:registration_protocol_win.cc(84)] TransactNamedPipe: The pipe has been ended. (0x6D)
[1226/163438.954:ERROR:registration_protocol_win.cc(84)] TransactNamedPipe: The pipe has been ended. (0x6D)
[1226/163506.296:ERROR:registration_protocol_win.cc(84)] TransactNamedPipe: The pipe has been ended. (0x6D)
[1226/163757.774:ERROR:registration_protocol_win.cc(84)] TransactNamedPipe: The pipe has been ended. (0x6D)
[1226/163835.987:ERROR:registration_protocol_win.cc(84)] TransactNamedPipe: The pipe has been ended. (0x6D)
[1226/164054.981:ERROR:registration_protocol_win.cc(84)] TransactNamedPipe: The pipe has been ended. (0x6D)
[1226/164346.165:ERROR:registration_protocol_win.cc(84)] TransactNamedPipe: The pipe has been ended. (0x6D)
[1226/171900.421:ERROR:registration_protocol_win.cc(84)] TransactNamedPipe: The pipe has been ended. (0x6D)
[1226/171939.241:ERROR:registration_protocol_win.cc(84)] TransactNamedPipe: The pipe has been ended. (0x6D)
[1226/172431.674:ERROR:registration_protocol_win.cc(84)] TransactNamedPipe: The pipe has been ended. (0x6D)
[1226/172517.697:ERROR:registration_protocol_win.cc(84)] TransactNamedPipe: The pipe has been ended. (0x6D)
[1226/174326.899:ERROR:registration_protocol_win.cc(84)] TransactNamedPipe: The pipe has been ended. (0x6D)
[1226/174406.132:ERROR:registration_protocol_win.cc(84)] TransactNamedPipe: The pipe has been ended. (0x6D)
[1226/174448.222:ERROR:registration_protocol_win.cc(84)] TransactNamedPipe: The pipe has been ended. (0x6D)
[1226/182311.474:ERROR:registration_protocol_win.cc(84)] TransactNamedPipe: The pipe has been ended. (0x6D)
[1226/182351.494:ERROR:registration_protocol_win.cc(84)] TransactNamedPipe: The pipe has been ended. (0x6D)
[1226/182437.845:ERROR:registration_protocol_win.cc(84)] TransactNamedPipe: The pipe has been ended. (0x6D)
[1226/182710.669:ERROR:registration_protocol_win.cc(84)] TransactNamedPipe: The pipe has been ended. (0x6D)
[1226/183645.153:ERROR:registration_protocol_win.cc(84)] TransactNamedPipe: The pipe has been ended. (0x6D)
[1226/184306.289:ERROR:registration_protocol_win.cc(84)] TransactNamedPipe: The pipe has been ended. (0x6D)
[1226/184820.440:ERROR:registration_protocol_win.cc(84)] TransactNamedPipe: The pipe has been ended. (0x6D)
[1226/192759.332:ERROR:registration_protocol_win.cc(84)] TransactNamedPipe: The pipe has been ended. (0x6D)
[1226/195410.871:ERROR:registration_protocol_win.cc(84)] TransactNamedPipe: The pipe has been ended. (0x6D)
[1226/211843.692:ERROR:registration_protocol_win.cc(84)] TransactNamedPipe: The pipe has been ended. (0x6D)
[1226/211922.977:ERROR:registration_protocol_win.cc(84)] TransactNamedPipe: The pipe has been ended. (0x6D)
[1226/211952.162:ERROR:registration_protocol_win.cc(84)] TransactNamedPipe: The pipe has been ended. (0x6D)
[1226/214926.175:ERROR:registration_protocol_win.cc(84)] TransactNamedPipe: The pipe has been ended. (0x6D)
[1226/215136.523:ERROR:registration_protocol_win.cc(84)] TransactNamedPipe: The pipe has been ended. (0x6D)
[1226/215341.186:ERROR:registration_protocol_win.cc(84)] TransactNamedPipe: The pipe has been ended. (0x6D)
[1226/215552.361:ERROR:registration_protocol_win.cc(84)] TransactNamedPipe: The pipe has been ended. (0x6D)
[1226/215758.316:ERROR:registration_protocol_win.cc(84)] TransactNamedPipe: The pipe has been ended. (0x6D)
[1227/123907.490:ERROR:registration_protocol_win.cc(84)] TransactNamedPipe: The pipe has been ended. (0x6D)
[1227/124233.378:ERROR:registration_protocol_win.cc(84)] TransactNamedPipe: The pipe has been ended. (0x6D)
[1227/124500.558:ERROR:registration_protocol_win.cc(84)] TransactNamedPipe: The pipe has been ended. (0x6D)
[1227/150007.522:ERROR:registration_protocol_win.cc(84)] TransactNamedPipe: The pipe has been ended. (0x6D)
[1227/154610.377:ERROR:registration_protocol_win.cc(84)] TransactNamedPipe: The pipe has been ended. (0x6D)
[1227/162049.887:ERROR:registration_protocol_win.cc(84)] TransactNamedPipe: The pipe has been ended. (0x6D)
[1227/163319.034:ERROR:registration_protocol_win.cc(84)] TransactNamedPipe: The pipe has been ended. (0x6D)
[1227/202005.539:ERROR:registration_protocol_win.cc(84)] TransactNamedPipe: The pipe has been ended. (0x6D)
[1227/204110.997:ERROR:registration_protocol_win.cc(84)] TransactNamedPipe: The pipe has been ended. (0x6D)
[1227/204449.782:ERROR:registration_protocol_win.cc(84)] TransactNamedPipe: The pipe has been ended. (0x6D)
[1227/204528.465:ERROR:registration_protocol_win.cc(84)] TransactNamedPipe: The pipe has been ended. (0x6D)
[1227/204605.144:ERROR:registration_protocol_win.cc(84)] TransactNamedPipe: The pipe has been ended. (0x6D)
[1227/204641.877:ERROR:registration_protocol_win.cc(84)] TransactNamedPipe: The pipe has been ended. (0x6D)
[1227/204719.915:ERROR:registration_protocol_win.cc(84)] TransactNamedPipe: The pipe has been ended. (0x6D)
[1227/204758.154:ERROR:registration_protocol_win.cc(84)] TransactNamedPipe: The pipe has been ended. (0x6D)
[1227/205432.660:ERROR:registration_protocol_win.cc(84)] TransactNamedPipe: The pipe has been ended. (0x6D)
[1227/211404.212:ERROR:registration_protocol_win.cc(84)] TransactNamedPipe: The pipe has been ended. (0x6D)
[1227/211545.528:ERROR:registration_protocol_win.cc(84)] TransactNamedPipe: The pipe has been ended. (0x6D)
[1227/212026.218:ERROR:registration_protocol_win.cc(84)] TransactNamedPipe: The pipe has been ended. (0x6D)
[1227/212423.890:ERROR:registration_protocol_win.cc(84)] TransactNamedPipe: The pipe has been ended. (0x6D)
[1227/214447.558:ERROR:registration_protocol_win.cc(84)] TransactNamedPipe: The pipe has been ended. (0x6D)
[1227/214815.183:ERROR:registration_protocol_win.cc(84)] TransactNamedPipe: The pipe has been ended. (0x6D)
[1227/215121.032:ERROR:registration_protocol_win.cc(84)] TransactNamedPipe: The pipe has been ended. (0x6D)
[1227/215234.865:ERROR:registration_protocol_win.cc(84)] TransactNamedPipe: The pipe has been ended. (0x6D)
[1227/215556.475:ERROR:registration_protocol_win.cc(84)] TransactNamedPipe: The pipe has been ended. (0x6D)
[1227/215739.538:ERROR:registration_protocol_win.cc(84)] TransactNamedPipe: The pipe has been ended. (0x6D)
[1227/221952.753:ERROR:registration_protocol_win.cc(84)] TransactNamedPipe: The pipe has been ended. (0x6D)
[1227/222429.125:ERROR:registration_protocol_win.cc(84)] TransactNamedPipe: The pipe has been ended. (0x6D)
[1228/203049.062:ERROR:registration_protocol_win.cc(84)] TransactNamedPipe: The pipe has been ended. (0x6D)
[1228/203710.221:ERROR:registration_protocol_win.cc(84)] TransactNamedPipe: The pipe has been ended. (0x6D)
[1230/115317.710:ERROR:registration_protocol_win.cc(84)] TransactNamedPipe: The pipe has been ended. (0x6D)
[1230/115340.663:ERROR:registration_protocol_win.cc(84)] TransactNamedPipe: The pipe has been ended. (0x6D)
[1230/115531.102:ERROR:registration_protocol_win.cc(84)] TransactNamedPipe: The pipe has been ended. (0x6D)
[1230/115604.085:ERROR:registration_protocol_win.cc(84)] TransactNamedPipe: The pipe has been ended. (0x6D)
[1230/115613.194:ERROR:registration_protocol_win.cc(84)] TransactNamedPipe: The pipe has been ended. (0x6D)
[1230/115646.533:ERROR:registration_protocol_win.cc(84)] TransactNamedPipe: The pipe has been ended. (0x6D)
[1230/115735.575:ERROR:registration_protocol_win.cc(84)] TransactNamedPipe: The pipe has been ended. (0x6D)
[1230/115748.134:ERROR:registration_protocol_win.cc(84)] TransactNamedPipe: The pipe has been ended. (0x6D)
[1230/120643.852:ERROR:registration_protocol_win.cc(84)] TransactNamedPipe: The pipe has been ended. (0x6D)
[1230/121315.360:ERROR:registration_protocol_win.cc(84)] TransactNamedPipe: The pipe has been ended. (0x6D)
[1230/122213.352:ERROR:registration_protocol_win.cc(84)] TransactNamedPipe: The pipe has been ended. (0x6D)
[1230/122324.070:ERROR:registration_protocol_win.cc(84)] TransactNamedPipe: The pipe has been ended. (0x6D)
[1230/122643.785:ERROR:registration_protocol_win.cc(84)] TransactNamedPipe: The pipe has been ended. (0x6D)
[1230/122808.252:ERROR:registration_protocol_win.cc(84)] TransactNamedPipe: The pipe has been ended. (0x6D)
[1230/144048.408:ERROR:registration_protocol_win.cc(84)] TransactNamedPipe: The pipe has been ended. (0x6D)
[1230/144109.066:ERROR:registration_protocol_win.cc(84)] TransactNamedPipe: The pipe has been ended. (0x6D)
[1230/144116.252:ERROR:registration_protocol_win.cc(84)] TransactNamedPipe: The pipe has been ended. (0x6D)
[1230/144136.503:ERROR:registration_protocol_win.cc(84)] TransactNamedPipe: The pipe has been ended. (0x6D)
[1230/144145.073:ERROR:registration_protocol_win.cc(84)] TransactNamedPipe: The pipe has been ended. (0x6D)
[1230/144209.778:ERROR:registration_protocol_win.cc(84)] TransactNamedPipe: The pipe has been ended. (0x6D)
[1230/144233.419:ERROR:registration_protocol_win.cc(84)] TransactNamedPipe: The pipe has been ended. (0x6D)
[1230/144252.143:ERROR:registration_protocol_win.cc(84)] TransactNamedPipe: The pipe has been ended. (0x6D)
[0106/160218.694:ERROR:registration_protocol_win.cc(84)] TransactNamedPipe: The pipe has been ended. (0x6D)
[0106/162737.731:ERROR:registration_protocol_win.cc(84)] TransactNamedPipe: The pipe has been ended. (0x6D)
[0106/163018.248:ERROR:registration_protocol_win.cc(84)] TransactNamedPipe: The pipe has been ended. (0x6D)
[0106/163647.744:ERROR:registration_protocol_win.cc(84)] TransactNamedPipe: The pipe has been ended. (0x6D)
[0106/220018.518:ERROR:registration_protocol_win.cc(84)] TransactNamedPipe: The pipe has been ended. (0x6D)
[0106/220836.039:ERROR:registration_protocol_win.cc(84)] TransactNamedPipe: The pipe has been ended. (0x6D)
[0106/221446.182:ERROR:registration_protocol_win.cc(84)] TransactNamedPipe: The pipe has been ended. (0x6D)
[0106/222054.227:ERROR:registration_protocol_win.cc(84)] TransactNamedPipe: The pipe has been ended. (0x6D)
[0106/223107.752:ERROR:registration_protocol_win.cc(84)] TransactNamedPipe: The pipe has been ended. (0x6D)
[0106/223711.898:ERROR:registration_protocol_win.cc(84)] TransactNamedPipe: The pipe has been ended. (0x6D)
[0106/224144.133:ERROR:registration_protocol_win.cc(84)] TransactNamedPipe: The pipe has been ended. (0x6D)
[0107/114634.757:ERROR:registration_protocol_win.cc(84)] TransactNamedPipe: The pipe has been ended. (0x6D)
[0107/115324.154:ERROR:registration_protocol_win.cc(84)] TransactNamedPipe: The pipe has been ended. (0x6D)
[0107/115841.755:ERROR:registration_protocol_win.cc(84)] TransactNamedPipe: The pipe has been ended. (0x6D)
[0107/120124.894:ERROR:registration_protocol_win.cc(84)] TransactNamedPipe: The pipe has been ended. (0x6D)
[0107/120329.952:ERROR:registration_protocol_win.cc(84)] TransactNamedPipe: The pipe has been ended. (0x6D)
[0107/120526.765:ERROR:registration_protocol_win.cc(84)] TransactNamedPipe: The pipe has been ended. (0x6D)
[0107/120855.034:ERROR:registration_protocol_win.cc(84)] TransactNamedPipe: The pipe has been ended. (0x6D)
[0107/121101.758:ERROR:registration_protocol_win.cc(84)] TransactNamedPipe: The pipe has been ended. (0x6D)
[0107/121349.878:ERROR:registration_protocol_win.cc(84)] TransactNamedPipe: The pipe has been ended. (0x6D)
[0107/132715.659:ERROR:registration_protocol_win.cc(84)] TransactNamedPipe: The pipe has been ended. (0x6D)
[0107/132756.482:ERROR:registration_protocol_win.cc(84)] TransactNamedPipe: The pipe has been ended. (0x6D)
[0107/132826.830:ERROR:registration_protocol_win.cc(84)] TransactNamedPipe: The pipe has been ended. (0x6D)
[0107/132908.504:ERROR:registration_protocol_win.cc(84)] TransactNamedPipe: The pipe has been ended. (0x6D)
[0107/132951.030:ERROR:registration_protocol_win.cc(84)] TransactNamedPipe: The pipe has been ended. (0x6D)
[0107/154041.528:ERROR:registration_protocol_win.cc(84)] TransactNamedPipe: The pipe has been ended. (0x6D)
[0107/154656.385:ERROR:registration_protocol_win.cc(84)] TransactNamedPipe: The pipe has been ended. (0x6D)
[0109/103154.934:ERROR:registration_protocol_win.cc(84)] TransactNamedPipe: The pipe has been ended. (0x6D)
[0109/103246.759:ERROR:registration_protocol_win.cc(84)] TransactNamedPipe: The pipe has been ended. (0x6D)
[0109/103349.968:ERROR:registration_protocol_win.cc(84)] TransactNamedPipe: The pipe has been ended. (0x6D)
[0109/105829.538:ERROR:registration_protocol_win.cc(84)] TransactNamedPipe: The pipe has been ended. (0x6D)
[0109/135950.286:ERROR:registration_protocol_win.cc(84)] TransactNamedPipe: The pipe has been ended. (0x6D)
[0109/140853.513:ERROR:registration_protocol_win.cc(84)] TransactNamedPipe: The pipe has been ended. (0x6D)
